2016-05-11 13:54:16.092 WARN  c.bbva.mmap.common.utils.FileSeeker - No ha sido posible obtener la conexion a EMS para D:\Workspace\TIBCO\DEV\GMA\datafiles\GMA_KYRS_RDR_BW-PUB_root\defaultVars\
\GLB\RDR\JMS\ACK\defaultVars.substvar.
2016-05-11 13:54:16.653 WARN  c.bbva.mmap.common.utils.FileSeeker - No ha sido posible obtener la conexion a EMS para D:\Workspace\TIBCO\DEV\GMA\datafiles\GMA_KYRS_RDR_BW-PUB_root\defaultVars\
\GLB\RDR\JMS\ACK\defaultVars.substvar.
2016-05-11 13:54:16.681 WARN  c.bbva.mmap.common.utils.FileSeeker - No ha sido posible obtener la conexion a EMS para D:\Workspace\TIBCO\DEV\GMA\datafiles\GMA_KYRS_RDR_BW-PUB_root\defaultVars\
\GLB\RDR\JMS\ACK\defaultVars.substvar.
2016-05-11 13:54:18.396 WARN  c.bbva.mmap.common.utils.FileSeeker - No ha sido posible obtener la conexion a EMS para D:\Workspace\TIBCO\DEV\GMA\datafiles\GMA_KYRS_RDR_BW_PUBLISH_root\defaultVars\
\GLB\RDR\JMS\ACK\defaultVars.substvar.
2016-05-11 13:54:18.423 WARN  c.bbva.mmap.common.utils.FileSeeker - No ha sido posible obtener la conexion a EMS para D:\Workspace\TIBCO\DEV\GMA\datafiles\GMA_KYRS_RDR_BW_PUBLISH_root\defaultVars\
\GLB\RDR\JMS\defaultVars.substvar.
2016-05-11 13:54:18.450 WARN  c.bbva.mmap.common.utils.FileSeeker - No ha sido posible obtener la conexion a EMS para D:\Workspace\TIBCO\DEV\GMA\datafiles\GMA_KYRS_RDR_BW_PUBLISH_root\defaultVars\
\GLB\RDR\JMS\ACK\defaultVars.substvar.
2016-05-11 13:54:18.477 WARN  c.bbva.mmap.common.utils.FileSeeker - No ha sido posible obtener la conexion a EMS para D:\Workspace\TIBCO\DEV\GMA\datafiles\GMA_KYRS_RDR_BW_PUBLISH_root\defaultVars\
\GLB\RDR\JMS\defaultVars.substvar.
2016-05-11 13:54:18.504 WARN  c.bbva.mmap.common.utils.FileSeeker - No ha sido posible obtener la conexion a EMS para D:\Workspace\TIBCO\DEV\GMA\datafiles\GMA_KYRS_RDR_BW_PUBLISH_root\defaultVars\
\GLB\RDR\JMS\ACK\defaultVars.substvar.
2016-05-11 13:54:18.530 WARN  c.bbva.mmap.common.utils.FileSeeker - No ha sido posible obtener la conexion a EMS para D:\Workspace\TIBCO\DEV\GMA\datafiles\GMA_KYRS_RDR_BW_PUBLISH_root\defaultVars\
\GLB\RDR\JMS\defaultVars.substvar.
2016-05-11 13:54:18.559 WARN  c.bbva.mmap.common.utils.FileSeeker - No ha sido posible obtener la conexion a EMS para D:\Workspace\TIBCO\DEV\GMA\datafiles\GMA_KYRS_RDR_BW_PUBLISH_root\defaultVars\
\GLB\RDR\JMS\ACK\defaultVars.substvar.
2016-05-11 13:54:18.586 WARN  c.bbva.mmap.common.utils.FileSeeker - No ha sido posible obtener la conexion a EMS para D:\Workspace\TIBCO\DEV\GMA\datafiles\GMA_KYRS_RDR_BW_PUBLISH_root\defaultVars\
\GLB\RDR\JMS\defaultVars.substvar.
2016-05-11 13:54:18.615 WARN  c.bbva.mmap.common.utils.FileSeeker - No ha sido posible obtener la conexion a EMS para D:\Workspace\TIBCO\DEV\GMA\datafiles\GMA_KYRS_RDR_BW_PUBLISH_root\defaultVars\
\GLB\RDR\JMS\defaultVars.substvar.
2016-05-11 13:54:18.648 WARN  c.bbva.mmap.common.utils.FileSeeker - No ha sido posible obtener la conexion a EMS para D:\Workspace\TIBCO\DEV\GMA\datafiles\GMA_KYRS_RDR_BW_PUBLISH_root\defaultVars\
\GLB\RDR\JMS\defaultVars.substvar.
2016-05-11 13:54:18.681 WARN  c.bbva.mmap.common.utils.FileSeeker - No ha sido posible obtener la conexion a EMS para D:\Workspace\TIBCO\DEV\GMA\datafiles\GMA_KYRS_RDR_BW_PUBLISH_root\defaultVars\
\GLB\RDR\JMS\ACK\defaultVars.substvar.
2016-05-11 13:54:18.715 WARN  c.bbva.mmap.common.utils.FileSeeker - No ha sido posible obtener la conexion a EMS para D:\Workspace\TIBCO\DEV\GMA\datafiles\GMA_KYRS_RDR_BW_PUBLISH_root\defaultVars\
\GLB\RDR\JMS\ACK\defaultVars.substvar.
2016-05-11 13:54:18.745 WARN  c.bbva.mmap.common.utils.FileSeeker - No ha sido posible obtener la conexion a EMS para D:\Workspace\TIBCO\DEV\GMA\datafiles\GMA_KYRS_RDR_BW_PUBLISH_root\defaultVars\
\GLB\RDR\JMS\ACK\defaultVars.substvar.
2016-05-11 13:54:18.774 WARN  c.bbva.mmap.common.utils.FileSeeker - No ha sido posible obtener la conexion a EMS para D:\Workspace\TIBCO\DEV\GMA\datafiles\GMA_KYRS_RDR_BW_PUBLISH_root\defaultVars\
\GLB\RDR\JMS\ACK\defaultVars.substvar.
2016-05-11 13:54:20.594 WARN  c.b.m.j.t.p.TibcoOutputProcessor - %%CFG/EJQP/BackendMidas/QueueMIDAS%%
2016-05-11 13:54:20.688 INFO  c.b.m.j.t.p.TibcoOutputProcessor - DEBUG S_EJQP_CS_CREATECLIP >>>> S_EJQP_SS_DICTIONARY_
2016-05-11 13:54:20.692 INFO  c.b.m.j.t.p.TibcoOutputProcessor - DEBUG S_EJQP_CS_CREATECLIP >>>> S_EJQP_SS_DICTIONARY_
2016-05-11 13:54:20.696 INFO  c.b.m.j.t.p.TibcoOutputProcessor - DEBUG S_EJQP_CS_CREATECLIP >>>> S_EJQP_CS_CREATECLIP
2016-05-11 13:54:20.766 WARN  c.b.m.j.t.p.TibcoOutputProcessor - %%CFG/EJQP/BackendMidas/QueueMIDAS%%
2016-05-11 13:54:20.923 INFO  c.b.m.j.t.p.TibcoOutputProcessor - DEBUG S_EJQP_CS_CREATELOTC >>>> S_EJQP_SS_DICTIONARY_CAN
2016-05-11 13:54:20.927 INFO  c.b.m.j.t.p.TibcoOutputProcessor - DEBUG S_EJQP_CS_CREATELOTC >>>> S_EJQP_SS_DICTIONARY_SPEC
2016-05-11 13:54:20.931 INFO  c.b.m.j.t.p.TibcoOutputProcessor - DEBUG S_EJQP_CS_CREATELOTC >>>> S_EJQP_CS_CREATELOTC
2016-05-11 13:54:21.037 WARN  c.b.m.j.t.p.TibcoOutputProcessor - %%CFG/EJQP/BackendMidas/QueueMIDAS%%
2016-05-11 13:54:21.130 INFO  c.b.m.j.t.p.TibcoOutputProcessor - DEBUG S_EJQP_CS_CREATEMAPY >>>> S_EJQP_CS_CREATEMAPY
2016-05-11 13:54:21.135 INFO  c.b.m.j.t.p.TibcoOutputProcessor - DEBUG S_EJQP_CS_CREATEMAPY >>>> S_EJQP_SS_CROSSREF_
2016-05-11 13:54:21.142 INFO  c.b.m.j.t.p.TibcoOutputProcessor - DEBUG S_EJQP_CS_CREATEMAPY >>>> S_EJQP_SS_CROSSREF_
2016-05-11 13:54:21.221 WARN  c.b.m.j.t.p.TibcoOutputProcessor - %%CFG/EJQP/BackendMidas/QueueMIDAS%%
2016-05-11 13:54:21.869 INFO  c.b.m.j.t.p.TibcoOutputProcessor - DEBUG S_EJQP_CS_MODIFYCLIP >>>> S_EJQP_CS_MODIFYCLIP
2016-05-11 13:54:21.874 INFO  c.b.m.j.t.p.TibcoOutputProcessor - DEBUG S_EJQP_CS_MODIFYCLIP >>>> S_EJQP_SS_CROSSREF_
2016-05-11 13:54:21.880 INFO  c.b.m.j.t.p.TibcoOutputProcessor - DEBUG S_EJQP_CS_MODIFYCLIP >>>> S_EJQP_SS_CROSSREF_
2016-05-11 13:54:21.884 INFO  c.b.m.j.t.p.TibcoOutputProcessor - DEBUG S_EJQP_CS_MODIFYCLIP >>>> S_EJQP_SS_DICTIONARY_
2016-05-11 13:54:21.888 INFO  c.b.m.j.t.p.TibcoOutputProcessor - DEBUG S_EJQP_CS_MODIFYCLIP >>>> S_EJQP_SS_DICTIONARY_
2016-05-11 13:54:21.964 WARN  c.b.m.j.t.p.TibcoOutputProcessor - %%CFG/EJQP/BackendMidas/QueueMIDAS%%
2016-05-11 13:54:22.053 INFO  c.b.m.j.t.p.TibcoOutputProcessor - DEBUG S_EJQP_CS_MODIFYCLLO >>>> S_EJQP_CS_MODIFYCLLO
2016-05-11 13:54:22.057 INFO  c.b.m.j.t.p.TibcoOutputProcessor - DEBUG S_EJQP_CS_MODIFYCLLO >>>> S_EJQP_SS_CROSSREF_
2016-05-11 13:54:22.060 INFO  c.b.m.j.t.p.TibcoOutputProcessor - DEBUG S_EJQP_CS_MODIFYCLLO >>>> S_EJQP_SS_CROSSREF_
2016-05-11 13:54:22.065 INFO  c.b.m.j.t.p.TibcoOutputProcessor - DEBUG S_EJQP_CS_MODIFYCLLO >>>> S_EJQP_SS_DICTIONARY_
2016-05-11 13:54:22.069 INFO  c.b.m.j.t.p.TibcoOutputProcessor - DEBUG S_EJQP_CS_MODIFYCLLO >>>> S_EJQP_SS_DICTIONARY_
2016-05-11 13:54:22.155 WARN  c.b.m.j.t.p.TibcoOutputProcessor - %%CFG/EJQP/BackendMidas/QueueMIDAS%%
2016-05-11 13:54:22.247 INFO  c.b.m.j.t.p.TibcoOutputProcessor - DEBUG S_EJQP_CS_MODIFYCLMP >>>> S_EJQP_CS_MODIFYCLMP
2016-05-11 13:54:22.251 INFO  c.b.m.j.t.p.TibcoOutputProcessor - DEBUG S_EJQP_CS_MODIFYCLMP >>>> S_EJQP_SS_CROSSREF_
2016-05-11 13:54:22.255 INFO  c.b.m.j.t.p.TibcoOutputProcessor - DEBUG S_EJQP_CS_MODIFYCLMP >>>> S_EJQP_SS_CROSSREF_
2016-05-11 13:54:22.259 INFO  c.b.m.j.t.p.TibcoOutputProcessor - DEBUG S_EJQP_CS_MODIFYCLMP >>>> S_EJQP_SS_DICTIONARY_
2016-05-11 13:54:22.263 INFO  c.b.m.j.t.p.TibcoOutputProcessor - DEBUG S_EJQP_CS_MODIFYCLMP >>>> S_EJQP_SS_DICTIONARY_
2016-05-11 13:54:22.341 WARN  c.b.m.j.t.p.TibcoOutputProcessor - %%CFG/EJQP/BackendMidas/QueueMIDAS%%
2016-05-11 13:54:22.482 INFO  c.b.m.j.t.p.TibcoOutputProcessor - DEBUG S_EJQP_CS_REVERSEMAP >>>> S_EJQP_SS_CROSSREF_
2016-05-11 13:54:22.486 INFO  c.b.m.j.t.p.TibcoOutputProcessor - DEBUG S_EJQP_CS_REVERSEMAP >>>> S_EJQP_SS_CROSSREF_
2016-05-11 13:54:22.491 INFO  c.b.m.j.t.p.TibcoOutputProcessor - DEBUG S_EJQP_CS_REVERSEMAP >>>> S_EJQP_CS_REVERSEMAPY
2016-05-11 13:54:22.597 WARN  c.b.m.j.t.p.TibcoOutputProcessor - %%CFG/EJQP/BackendMidas/QueueMIDAS%%
2016-05-11 13:54:29.850 WARN  c.bbva.mmap.common.utils.FileSeeker - No ha sido posible obtener la conexion a EMS para D:\Workspace\TIBCO\DEV\GMA\datafiles\S_KYFD_FUNC_MONITORING_PUBLICATION_root\defaultVars\$_globalVariables\GlobalVariables\CFG\KYFD\QUEUES\defaultVars.substvar.
2016-05-11 13:54:29.880 WARN  c.bbva.mmap.common.utils.FileSeeker - No ha sido posible obtener la conexion a EMS para D:\Workspace\TIBCO\DEV\GMA\datafiles\S_KYFD_FUNC_MONITORING_PUBLICATION_root\defaultVars\$_globalVariables\GlobalVariables\CFG\KYFD\QUEUES\defaultVars.substvar.
2016-05-11 13:54:29.924 WARN  c.bbva.mmap.common.utils.FileSeeker - No ha sido posible obtener la conexion a EMS para D:\Workspace\TIBCO\DEV\GMA\datafiles\S_KYFD_FUNC_MONITORING_PUBLICATION_root\defaultVars\$_globalVariables\GlobalVariables\CFG\KYFD\QUEUES\defaultVars.substvar.
2016-05-11 13:54:32.355 WARN  c.b.m.j.t.p.TibcoOutputProcessor - %%GLB/MGC/DFA_SS_MGC%%
2016-05-11 13:54:32.746 INFO  c.b.m.j.tibco.listener.TibcoListener - Formatting ESBInspector_DESKTOP-UOKULT9.xml...
2016-05-11 13:54:32.875 INFO  c.b.m.j.tibco.listener.TibcoListener - Clearing D:\Workspace\Pool
2016-05-11 13:54:33.410 INFO  c.b.m.j.tibco.listener.TibcoListener - COMPLETED --> ESBInspector_DESKTOP-UOKULT9.xml size is 359 Kb
2016-05-11 13:54:33.412 INFO  o.s.b.c.l.support.SimpleJobLauncher - Job: [FlowJob: [name=tibcoServicesJob]] completed with the following parameters: [{-spring.output.ansi.enabled=always, run.id=1}] and the following status: [COMPLETED]
2016-05-11 13:54:33.417 INFO  com.bbva.mmap.Launcher - Started Launcher in 101.512 seconds (JVM running for 102.401)
2016-05-11 13:54:33.418 INFO  o.s.c.a.AnnotationConfigApplicationContext - Closing org.springframework.context.annotation.AnnotationConfigApplicationContext@1120be46: startup date [Wed May 11 13:52:52 CEST 2016]; root of context hierarchy
2016-05-11 13:54:33.423 INFO  o.s.j.e.a.AnnotationMBeanExporter - Unregistering JMX-exposed beans on shutdown
2016-05-11 13:54:33.425 INFO  o.s.o.j.LocalContainerEntityManagerFactoryBean - Closing JPA EntityManagerFactory for persistence unit 'default'
2016-05-11 13:54:33.425 INFO  o.h.tool.hbm2ddl.SchemaExport - HHH000227: Running hbm2ddl schema export
2016-05-11 13:54:33.426 INFO  o.h.tool.hbm2ddl.SchemaExport - HHH000230: Schema export complete
2016-05-11 13:56:33.658 INFO  com.bbva.mmap.Launcher - Starting Launcher on DESKTOP-UOKULT9 with PID 12396 (D:\Workspace\Java\ESBInspectorLab\target\classes started by jorge in D:\Workspace\Java\ESBInspectorLab)
2016-05-11 13:56:33.665 INFO  com.bbva.mmap.Launcher - No active profile set, falling back to default profiles: default
2016-05-11 13:56:33.855 INFO  o.s.c.a.AnnotationConfigApplicationContext - Refreshing org.springframework.context.annotation.AnnotationConfigApplicationContext@7bb3be4f: startup date [Wed May 11 13:56:33 CEST 2016]; root of context hierarchy
2016-05-11 13:56:36.042 WARN  o.s.c.a.ConfigurationClassEnhancer - @Bean method ScopeConfiguration.stepScope is non-static and returns an object assignable to Spring's BeanFactoryPostProcessor interface. This will result in a failure to process annotations such as @Autowired, @Resource and @PostConstruct within the method's declaring @Configuration class. Add the 'static' modifier to this method to avoid these container lifecycle issues; see @Bean javadoc for complete details.
2016-05-11 13:56:36.064 WARN  o.s.c.a.ConfigurationClassEnhancer - @Bean method ScopeConfiguration.jobScope is non-static and returns an object assignable to Spring's BeanFactoryPostProcessor interface. This will result in a failure to process annotations such as @Autowired, @Resource and @PostConstruct within the method's declaring @Configuration class. Add the 'static' modifier to this method to avoid these container lifecycle issues; see @Bean javadoc for complete details.
2016-05-11 13:56:36.944 INFO  o.s.o.j.LocalContainerEntityManagerFactoryBean - Building JPA container EntityManagerFactory for persistence unit 'default'
2016-05-11 13:56:36.979 INFO  o.h.jpa.internal.util.LogHelper - HHH000204: Processing PersistenceUnitInfo [
	name: default
	...]
2016-05-11 13:56:37.070 INFO  org.hibernate.Version - HHH000412: Hibernate Core {4.3.11.Final}
2016-05-11 13:56:37.072 INFO  org.hibernate.cfg.Environment - HHH000206: hibernate.properties not found
2016-05-11 13:56:37.073 INFO  org.hibernate.cfg.Environment - HHH000021: Bytecode provider name : javassist
2016-05-11 13:56:37.319 INFO  o.h.annotations.common.Version - HCANN000001: Hibernate Commons Annotations {4.0.5.Final}
2016-05-11 13:56:37.381 INFO  org.hibernate.dialect.Dialect - HHH000400: Using dialect: org.hibernate.dialect.HSQLDialect
2016-05-11 13:56:37.431 INFO  o.h.h.i.a.ASTQueryTranslatorFactory - HHH000397: Using ASTQueryTranslatorFactory
2016-05-11 13:56:37.695 INFO  o.h.tool.hbm2ddl.SchemaExport - HHH000227: Running hbm2ddl schema export
2016-05-11 13:56:37.697 INFO  o.h.tool.hbm2ddl.SchemaExport - HHH000230: Schema export complete
2016-05-11 13:56:38.022 INFO  o.s.oxm.jaxb.Jaxb2Marshaller - Creating JAXBContext with classes to be bound [class com.bbva.mmap.jobs.tibco.model.input.ProcessDefinitionModel]
2016-05-11 13:56:38.221 INFO  o.s.oxm.jaxb.Jaxb2Marshaller - Creating JAXBContext with classes to be bound [class com.bbva.mmap.jobs.tibco.model.output.TibcoOutput]
2016-05-11 13:56:38.559 WARN  o.s.b.a.batch.BasicBatchConfigurer - JPA does not support custom isolation levels, so locks may not be taken when launching Jobs
2016-05-11 13:56:38.565 INFO  o.s.b.c.r.s.JobRepositoryFactoryBean - No database type set, using meta data indicating: HSQL
2016-05-11 13:56:38.719 INFO  o.s.b.c.l.support.SimpleJobLauncher - No TaskExecutor has been set, defaulting to synchronous executor.
2016-05-11 13:56:38.749 INFO  o.s.jdbc.datasource.init.ScriptUtils - Executing SQL script from class path resource [org/springframework/batch/core/schema-hsqldb.sql]
2016-05-11 13:56:38.759 INFO  o.s.jdbc.datasource.init.ScriptUtils - Executed SQL script from class path resource [org/springframework/batch/core/schema-hsqldb.sql] in 10 ms.
2016-05-11 13:56:39.056 INFO  o.s.j.e.a.AnnotationMBeanExporter - Registering beans for JMX exposure on startup
2016-05-11 13:56:39.104 INFO  o.s.b.a.b.JobLauncherCommandLineRunner - Running default command line with: [--spring.output.ansi.enabled=always]
2016-05-11 13:56:39.246 INFO  o.s.b.c.l.support.SimpleJobLauncher - Job: [FlowJob: [name=tibcoServicesJob]] launched with the following parameters: [{-spring.output.ansi.enabled=always, run.id=1}]
2016-05-11 13:56:39.254 INFO  c.b.m.j.tibco.listener.TibcoListener - Copying files to D:\Workspace\Pool\...
2016-05-11 13:56:56.699 INFO  c.b.m.j.tibco.listener.TibcoListener - Completed.
2016-05-11 13:56:56.700 INFO  c.b.m.j.tibco.listener.TibcoListener - Modifying .process files...
2016-05-11 13:57:07.893 INFO  c.b.m.j.tibco.listener.TibcoListener - Completed.
2016-05-11 13:57:07.913 INFO  o.s.batch.core.job.SimpleStepHandler - Executing step: [step]
2016-05-11 13:57:28.920 WARN  c.bbva.mmap.common.utils.FileSeeker - No ha sido posible obtener la conexion a EMS para D:\Workspace\TIBCO\DEV\GMA\datafiles\GMA_EFON_BW_IA_FONETIC_root\defaultVars\$ARC_FindQueue\defaultVars.substvar.
2016-05-11 13:57:33.413 WARN  c.bbva.mmap.common.utils.FileSeeker - No ha sido posible obtener la conexion a EMS para D:\Workspace\TIBCO\DEV\GMA\datafiles\GMA_KLTB_CALYPSO_CR_BW_OPERACIONES_root\defaultVars\GLB\CALYPSO_CR\JMS\defaultVars.substvar.
2016-05-11 13:57:33.415 WARN  c.b.m.j.t.p.TibcoOutputProcessor - %%GLB/CALYPSO_CR/JMS/CIB_Prefix%.%%CFG/ARCHITECTURE/ENVIRONMENT/CFG_ENVIRONMENT_PREFIX%%.%%GLB/CALYPSO_CR/JMS/CR_PREDEAL_ACK%%
2016-05-11 13:57:33.531 WARN  c.bbva.mmap.common.utils.FileSeeker - No ha sido posible obtener la conexion a EMS para D:\Workspace\TIBCO\DEV\GMA\datafiles\GMA_KLTB_CALYPSO_CR_BW_OPERACIONES_root\defaultVars\GLB\CALYPSO_CR\JMS\defaultVars.substvar.
2016-05-11 13:57:33.533 WARN  c.b.m.j.t.p.TibcoOutputProcessor - %%GLB/CALYPSO_CR/JMS/CIB_Prefix%.%%CFG/ARCHITECTURE/ENVIRONMENT/CFG_ENVIRONMENT_PREFIX%%.%%GLB/CALYPSO_CR/JMS/CR_PREDEAL_ACK%%
2016-05-11 13:57:42.201 WARN  c.bbva.mmap.common.utils.FileSeeker - No ha sido posible obtener la conexion a EMS para D:\Workspace\TIBCO\DEV\GMA\datafiles\GMA_KYFK_CALYPSO_BW_LIQUIDACIONES_root\defaultVars\
\GLB\CALYPSO\JMS\defaultVars.substvar.
2016-05-11 13:57:42.318 WARN  c.bbva.mmap.common.utils.FileSeeker - No ha sido posible obtener la conexion a EMS para D:\Workspace\TIBCO\DEV\GMA\datafiles\GMA_KYFK_CALYPSO_BW_LIQUIDACIONES_root\defaultVars\
\GLB\CALYPSO\JMS\defaultVars.substvar.
2016-05-11 13:57:42.568 WARN  c.bbva.mmap.common.utils.FileSeeker - No ha sido posible obtener la conexion a EMS para D:\Workspace\TIBCO\DEV\GMA\datafiles\GMA_KYFK_CALYPSO_BW_LIQUIDACIONES_root\defaultVars\
\GLB\CALYPSO\JMS\defaultVars.substvar.
2016-05-11 13:57:42.594 WARN  c.bbva.mmap.common.utils.FileSeeker - No ha sido posible obtener la conexion a EMS para D:\Workspace\TIBCO\DEV\GMA\datafiles\GMA_KYFK_CALYPSO_BW_LIQUIDACIONES_root\defaultVars\
\GLB\CALYPSO\JMS\defaultVars.substvar.
2016-05-11 13:57:45.471 WARN  c.b.m.j.t.p.TibcoOutputProcessor - %%GLB/AMIGA/JMS/env_Backend_Queue_IN%%
2016-05-11 13:57:45.835 INFO  c.b.m.j.t.p.TibcoOutputProcessor - DEBUG S_KYRS_CS_REFCACHE >>>> S_KYKK_SS_GETDATA >>>> GLB.BBVA.GMA.DE.KYKK.CACHE.SS.GETDATA.REQUEST
2016-05-11 13:57:45.903 INFO  c.b.m.j.t.p.TibcoOutputProcessor - DEBUG S_KYRS_CS_REFDATA >>>> S_KYRS_SS_CALENDAR >>>> GLB.BBVA.GMA.DE.RDR.SS.CALENDAR.GET
2016-05-11 13:57:45.907 INFO  c.b.m.j.t.p.TibcoOutputProcessor - DEBUG S_KYRS_CS_REFDATA >>>> S_KYRS_SS_PARTY >>>> GLB.BBVA.GMA.DE.KYRS.RDR.SS.PARTY.REQUEST
2016-05-11 13:57:45.908 INFO  c.b.m.j.t.p.TibcoOutputProcessor - DEBUG S_KYRS_CS_REFDATA >>>> S_KYRS_SS_PARTY >>>> GLB.BBVA.GMA.DE.RDR.SS.PARTY.GET
2016-05-11 13:57:45.912 INFO  c.b.m.j.t.p.TibcoOutputProcessor - DEBUG S_KYRS_CS_REFDATA >>>> S_KYRS_SS_TENOR >>>> GLB.BBVA.GMA.DE.RDR.SS.TENOR.GET
2016-05-11 13:57:45.916 INFO  c.b.m.j.t.p.TibcoOutputProcessor - DEBUG S_KYRS_CS_REFDATA >>>> S_KYRS_SS_AGREEMENT >>>> GLB.BBVA.GMA.DE.KYRS.RDR.SS.AGREEMENT.REQUEST
2016-05-11 13:57:45.920 INFO  c.b.m.j.t.p.TibcoOutputProcessor - DEBUG S_KYRS_CS_REFDATA >>>> S_KYRS_SS_MANDATE >>>> GLB.BBVA.GMA.DE.KYRS.RDR.SS.DEALMANDATES.REQUEST
2016-05-11 13:57:45.927 INFO  c.b.m.j.t.p.TibcoOutputProcessor - DEBUG S_KYRS_CS_REFDATA >>>> S_KYRS_SS_CONTACT >>>> GLB.BBVA.GMA.DE.KYRS.RDR.SS.CONTACT.REQUEST
2016-05-11 13:57:45.931 INFO  c.b.m.j.t.p.TibcoOutputProcessor - DEBUG S_KYRS_CS_REFDATA >>>> S_KYRS_SS_SETTLEMENT >>>> GLB.BBVA.GMA.DE.KYRS.RDR.SS.SETTLEMENT.REQUEST
2016-05-11 13:57:45.936 INFO  c.b.m.j.t.p.TibcoOutputProcessor - DEBUG S_KYRS_CS_REFDATA >>>> S_KYRS_SS_SECURITIES >>>> GLB.BBVA.GMA.DE.RDR.SS.SECURITIES.GET
2016-05-11 13:57:50.722 WARN  c.bbva.mmap.common.utils.FileSeeker - No ha sido posible obtener la conexion a EMS para D:\Workspace\TIBCO\DEV\GMA\datafiles\GMA_KYRS_RDR_BW-PUB_root\defaultVars\
\GLB\RDR\JMS\ACK\defaultVars.substvar.
2016-05-11 13:57:50.748 WARN  c.bbva.mmap.common.utils.FileSeeker - No ha sido posible obtener la conexion a EMS para D:\Workspace\TIBCO\DEV\GMA\datafiles\GMA_KYRS_RDR_BW-PUB_root\defaultVars\
\GLB\RDR\JMS\defaultVars.substvar.
2016-05-11 13:57:50.774 WARN  c.bbva.mmap.common.utils.FileSeeker - No ha sido posible obtener la conexion a EMS para D:\Workspace\TIBCO\DEV\GMA\datafiles\GMA_KYRS_RDR_BW-PUB_root\defaultVars\
\GLB\RDR\JMS\ACK\defaultVars.substvar.
2016-05-11 13:57:50.798 WARN  c.bbva.mmap.common.utils.FileSeeker - No ha sido posible obtener la conexion a EMS para D:\Workspace\TIBCO\DEV\GMA\datafiles\GMA_KYRS_RDR_BW-PUB_root\defaultVars\
\GLB\RDR\JMS\defaultVars.substvar.
2016-05-11 13:57:50.823 WARN  c.bbva.mmap.common.utils.FileSeeker - No ha sido posible obtener la conexion a EMS para D:\Workspace\TIBCO\DEV\GMA\datafiles\GMA_KYRS_RDR_BW-PUB_root\defaultVars\
\GLB\RDR\JMS\ACK\defaultVars.substvar.
2016-05-11 13:57:50.852 WARN  c.bbva.mmap.common.utils.FileSeeker - No ha sido posible obtener la conexion a EMS para D:\Workspace\TIBCO\DEV\GMA\datafiles\GMA_KYRS_RDR_BW-PUB_root\defaultVars\
\GLB\RDR\JMS\defaultVars.substvar.
2016-05-11 13:57:50.879 WARN  c.bbva.mmap.common.utils.FileSeeker - No ha sido posible obtener la conexion a EMS para D:\Workspace\TIBCO\DEV\GMA\datafiles\GMA_KYRS_RDR_BW-PUB_root\defaultVars\
\GLB\RDR\JMS\ACK\defaultVars.substvar.
2016-05-11 13:57:50.904 WARN  c.bbva.mmap.common.utils.FileSeeker - No ha sido posible obtener la conexion a EMS para D:\Workspace\TIBCO\DEV\GMA\datafiles\GMA_KYRS_RDR_BW-PUB_root\defaultVars\
\GLB\RDR\JMS\defaultVars.substvar.
2016-05-11 13:57:50.930 WARN  c.bbva.mmap.common.utils.FileSeeker - No ha sido posible obtener la conexion a EMS para D:\Workspace\TIBCO\DEV\GMA\datafiles\GMA_KYRS_RDR_BW-PUB_root\defaultVars\
\GLB\RDR\JMS\defaultVars.substvar.
2016-05-11 13:57:50.960 WARN  c.bbva.mmap.common.utils.FileSeeker - No ha sido posible obtener la conexion a EMS para D:\Workspace\TIBCO\DEV\GMA\datafiles\GMA_KYRS_RDR_BW-PUB_root\defaultVars\
\GLB\RDR\JMS\defaultVars.substvar.
2016-05-11 13:57:50.990 WARN  c.bbva.mmap.common.utils.FileSeeker - No ha sido posible obtener la conexion a EMS para D:\Workspace\TIBCO\DEV\GMA\datafiles\GMA_KYRS_RDR_BW-PUB_root\defaultVars\
\GLB\RDR\JMS\ACK\defaultVars.substvar.
2016-05-11 13:57:51.021 WARN  c.bbva.mmap.common.utils.FileSeeker - No ha sido posible obtener la conexion a EMS para D:\Workspace\TIBCO\DEV\GMA\datafiles\GMA_KYRS_RDR_BW-PUB_root\defaultVars\
\GLB\RDR\JMS\ACK\defaultVars.substvar.
2016-05-11 13:57:51.048 WARN  c.bbva.mmap.common.utils.FileSeeker - No ha sido posible obtener la conexion a EMS para D:\Workspace\TIBCO\DEV\GMA\datafiles\GMA_KYRS_RDR_BW-PUB_root\defaultVars\
\GLB\RDR\JMS\ACK\defaultVars.substvar.
2016-05-11 13:57:51.074 WARN  c.bbva.mmap.common.utils.FileSeeker - No ha sido posible obtener la conexion a EMS para D:\Workspace\TIBCO\DEV\GMA\datafiles\GMA_KYRS_RDR_BW-PUB_root\defaultVars\
\GLB\RDR\JMS\ACK\defaultVars.substvar.
2016-05-11 13:57:52.547 WARN  c.bbva.mmap.common.utils.FileSeeker - No ha sido posible obtener la conexion a EMS para D:\Workspace\TIBCO\DEV\GMA\datafiles\GMA_KYRS_RDR_BW_PUBLISH_root\defaultVars\
\GLB\RDR\JMS\ACK\defaultVars.substvar.
2016-05-11 13:57:52.574 WARN  c.bbva.mmap.common.utils.FileSeeker - No ha sido posible obtener la conexion a EMS para D:\Workspace\TIBCO\DEV\GMA\datafiles\GMA_KYRS_RDR_BW_PUBLISH_root\defaultVars\
\GLB\RDR\JMS\defaultVars.substvar.
2016-05-11 13:57:52.599 WARN  c.bbva.mmap.common.utils.FileSeeker - No ha sido posible obtener la conexion a EMS para D:\Workspace\TIBCO\DEV\GMA\datafiles\GMA_KYRS_RDR_BW_PUBLISH_root\defaultVars\
\GLB\RDR\JMS\ACK\defaultVars.substvar.
2016-05-11 13:57:52.625 WARN  c.bbva.mmap.common.utils.FileSeeker - No ha sido posible obtener la conexion a EMS para D:\Workspace\TIBCO\DEV\GMA\datafiles\GMA_KYRS_RDR_BW_PUBLISH_root\defaultVars\
\GLB\RDR\JMS\defaultVars.substvar.
2016-05-11 13:57:52.651 WARN  c.bbva.mmap.common.utils.FileSeeker - No ha sido posible obtener la conexion a EMS para D:\Workspace\TIBCO\DEV\GMA\datafiles\GMA_KYRS_RDR_BW_PUBLISH_root\defaultVars\
\GLB\RDR\JMS\ACK\defaultVars.substvar.
2016-05-11 13:57:52.677 WARN  c.bbva.mmap.common.utils.FileSeeker - No ha sido posible obtener la conexion a EMS para D:\Workspace\TIBCO\DEV\GMA\datafiles\GMA_KYRS_RDR_BW_PUBLISH_root\defaultVars\
\GLB\RDR\JMS\defaultVars.substvar.
2016-05-11 13:57:52.701 WARN  c.bbva.mmap.common.utils.FileSeeker - No ha sido posible obtener la conexion a EMS para D:\Workspace\TIBCO\DEV\GMA\datafiles\GMA_KYRS_RDR_BW_PUBLISH_root\defaultVars\
\GLB\RDR\JMS\ACK\defaultVars.substvar.
2016-05-11 13:57:52.727 WARN  c.bbva.mmap.common.utils.FileSeeker - No ha sido posible obtener la conexion a EMS para D:\Workspace\TIBCO\DEV\GMA\datafiles\GMA_KYRS_RDR_BW_PUBLISH_root\defaultVars\
\GLB\RDR\JMS\defaultVars.substvar.
2016-05-11 13:57:52.754 WARN  c.bbva.mmap.common.utils.FileSeeker - No ha sido posible obtener la conexion a EMS para D:\Workspace\TIBCO\DEV\GMA\datafiles\GMA_KYRS_RDR_BW_PUBLISH_root\defaultVars\
\GLB\RDR\JMS\defaultVars.substvar.
2016-05-11 13:57:52.786 WARN  c.bbva.mmap.common.utils.FileSeeker - No ha sido posible obtener la conexion a EMS para D:\Workspace\TIBCO\DEV\GMA\datafiles\GMA_KYRS_RDR_BW_PUBLISH_root\defaultVars\
\GLB\RDR\JMS\defaultVars.substvar.
2016-05-11 13:57:52.818 WARN  c.bbva.mmap.common.utils.FileSeeker - No ha sido posible obtener la conexion a EMS para D:\Workspace\TIBCO\DEV\GMA\datafiles\GMA_KYRS_RDR_BW_PUBLISH_root\defaultVars\
\GLB\RDR\JMS\ACK\defaultVars.substvar.
2016-05-11 13:57:52.855 WARN  c.bbva.mmap.common.utils.FileSeeker - No ha sido posible obtener la conexion a EMS para D:\Workspace\TIBCO\DEV\GMA\datafiles\GMA_KYRS_RDR_BW_PUBLISH_root\defaultVars\
\GLB\RDR\JMS\ACK\defaultVars.substvar.
2016-05-11 13:57:52.892 WARN  c.bbva.mmap.common.utils.FileSeeker - No ha sido posible obtener la conexion a EMS para D:\Workspace\TIBCO\DEV\GMA\datafiles\GMA_KYRS_RDR_BW_PUBLISH_root\defaultVars\
\GLB\RDR\JMS\ACK\defaultVars.substvar.
2016-05-11 13:57:52.918 WARN  c.bbva.mmap.common.utils.FileSeeker - No ha sido posible obtener la conexion a EMS para D:\Workspace\TIBCO\DEV\GMA\datafiles\GMA_KYRS_RDR_BW_PUBLISH_root\defaultVars\
\GLB\RDR\JMS\ACK\defaultVars.substvar.
2016-05-11 13:57:54.738 WARN  c.b.m.j.t.p.TibcoOutputProcessor - %%CFG/EJQP/BackendMidas/QueueMIDAS%%
2016-05-11 13:57:54.823 INFO  c.b.m.j.t.p.TibcoOutputProcessor - DEBUG S_EJQP_CS_CREATECLIP >>>> S_EJQP_SS_DICTIONARY
2016-05-11 13:57:54.828 INFO  c.b.m.j.t.p.TibcoOutputProcessor - DEBUG S_EJQP_CS_CREATECLIP >>>> S_EJQP_SS_DICTIONARY >>>> GLB.BBVA.GTB.DE.EJQP.SS_DICTIONARY.IN
2016-05-11 13:57:54.828 INFO  c.b.m.j.t.p.TibcoOutputProcessor - DEBUG S_EJQP_CS_CREATECLIP >>>> S_EJQP_SS_DICTIONARY
2016-05-11 13:57:54.831 INFO  c.b.m.j.t.p.TibcoOutputProcessor - DEBUG S_EJQP_CS_CREATECLIP >>>> S_EJQP_SS_DICTIONARY >>>> GLB.BBVA.GTB.DE.EJQP.SS_DICTIONARY.IN
2016-05-11 13:57:54.832 INFO  c.b.m.j.t.p.TibcoOutputProcessor - DEBUG S_EJQP_CS_CREATECLIP >>>> S_EJQP_CS_CREATECLIP
2016-05-11 13:57:54.836 INFO  c.b.m.j.t.p.TibcoOutputProcessor - DEBUG S_EJQP_CS_CREATECLIP >>>> S_EJQP_CS_CREATECLIP >>>> GLB.BBVA.GTB.DE.EJQP.CS_CREATECLIP.IN
2016-05-11 13:57:54.907 WARN  c.b.m.j.t.p.TibcoOutputProcessor - %%CFG/EJQP/BackendMidas/QueueMIDAS%%
2016-05-11 13:57:55.049 INFO  c.b.m.j.t.p.TibcoOutputProcessor - DEBUG S_EJQP_CS_CREATELOTC >>>> S_EJQP_SS_DICTIONARY_CAN
2016-05-11 13:57:55.053 INFO  c.b.m.j.t.p.TibcoOutputProcessor - DEBUG S_EJQP_CS_CREATELOTC >>>> S_EJQP_SS_DICTIONARY_SPEC
2016-05-11 13:57:55.058 INFO  c.b.m.j.t.p.TibcoOutputProcessor - DEBUG S_EJQP_CS_CREATELOTC >>>> S_EJQP_CS_CREATELOTC
2016-05-11 13:57:55.062 INFO  c.b.m.j.t.p.TibcoOutputProcessor - DEBUG S_EJQP_CS_CREATELOTC >>>> S_EJQP_CS_CREATELOTC >>>> GLB.BBVA.GTB.DE.EJQP.CS_CREATELOTC.IN
2016-05-11 13:57:55.158 WARN  c.b.m.j.t.p.TibcoOutputProcessor - %%CFG/EJQP/BackendMidas/QueueMIDAS%%
2016-05-11 13:57:55.245 INFO  c.b.m.j.t.p.TibcoOutputProcessor - DEBUG S_EJQP_CS_CREATEMAPY >>>> S_EJQP_CS_CREATEMAPY
2016-05-11 13:57:55.249 INFO  c.b.m.j.t.p.TibcoOutputProcessor - DEBUG S_EJQP_CS_CREATEMAPY >>>> S_EJQP_CS_CREATEMAPY >>>> GLB.BBVA.GTB.DE.EJQP.CS_CRATEMAPY.IN
2016-05-11 13:57:55.250 INFO  c.b.m.j.t.p.TibcoOutputProcessor - DEBUG S_EJQP_CS_CREATEMAPY >>>> S_EJQP_SS_CROSSREF
2016-05-11 13:57:55.254 INFO  c.b.m.j.t.p.TibcoOutputProcessor - DEBUG S_EJQP_CS_CREATEMAPY >>>> S_EJQP_SS_CROSSREF >>>> GLB.BBVA.GTB.DE.EJQP.SS_CROSSREF.IN
2016-05-11 13:57:55.254 INFO  c.b.m.j.t.p.TibcoOutputProcessor - DEBUG S_EJQP_CS_CREATEMAPY >>>> S_EJQP_SS_CROSSREF
2016-05-11 13:57:55.258 INFO  c.b.m.j.t.p.TibcoOutputProcessor - DEBUG S_EJQP_CS_CREATEMAPY >>>> S_EJQP_SS_CROSSREF >>>> GLB.BBVA.GTB.DE.EJQP.SS_CROSSREF.IN
2016-05-11 13:57:55.330 WARN  c.b.m.j.t.p.TibcoOutputProcessor - %%CFG/EJQP/BackendMidas/QueueMIDAS%%
2016-05-11 13:57:55.952 INFO  c.b.m.j.t.p.TibcoOutputProcessor - DEBUG S_EJQP_CS_MODIFYCLIP >>>> S_EJQP_CS_MODIFYCLIP
2016-05-11 13:57:55.956 INFO  c.b.m.j.t.p.TibcoOutputProcessor - DEBUG S_EJQP_CS_MODIFYCLIP >>>> S_EJQP_CS_MODIFYCLIP >>>> GLB.BBVA.GTB.DE.EJQP.CS_MODIFYCLIP.IN
2016-05-11 13:57:55.956 INFO  c.b.m.j.t.p.TibcoOutputProcessor - DEBUG S_EJQP_CS_MODIFYCLIP >>>> S_EJQP_SS_CROSSREF
2016-05-11 13:57:55.960 INFO  c.b.m.j.t.p.TibcoOutputProcessor - DEBUG S_EJQP_CS_MODIFYCLIP >>>> S_EJQP_SS_CROSSREF >>>> GLB.BBVA.GTB.DE.EJQP.SS_CROSSREF.IN
2016-05-11 13:57:55.960 INFO  c.b.m.j.t.p.TibcoOutputProcessor - DEBUG S_EJQP_CS_MODIFYCLIP >>>> S_EJQP_SS_CROSSREF
2016-05-11 13:57:55.964 INFO  c.b.m.j.t.p.TibcoOutputProcessor - DEBUG S_EJQP_CS_MODIFYCLIP >>>> S_EJQP_SS_CROSSREF >>>> GLB.BBVA.GTB.DE.EJQP.SS_CROSSREF.IN
2016-05-11 13:57:55.965 INFO  c.b.m.j.t.p.TibcoOutputProcessor - DEBUG S_EJQP_CS_MODIFYCLIP >>>> S_EJQP_SS_DICTIONARY
2016-05-11 13:57:55.968 INFO  c.b.m.j.t.p.TibcoOutputProcessor - DEBUG S_EJQP_CS_MODIFYCLIP >>>> S_EJQP_SS_DICTIONARY >>>> GLB.BBVA.GTB.DE.EJQP.SS_DICTIONARY.IN
2016-05-11 13:57:55.969 INFO  c.b.m.j.t.p.TibcoOutputProcessor - DEBUG S_EJQP_CS_MODIFYCLIP >>>> S_EJQP_SS_DICTIONARY
2016-05-11 13:57:55.973 INFO  c.b.m.j.t.p.TibcoOutputProcessor - DEBUG S_EJQP_CS_MODIFYCLIP >>>> S_EJQP_SS_DICTIONARY >>>> GLB.BBVA.GTB.DE.EJQP.SS_DICTIONARY.IN
2016-05-11 13:57:56.036 WARN  c.b.m.j.t.p.TibcoOutputProcessor - %%CFG/EJQP/BackendMidas/QueueMIDAS%%
2016-05-11 13:57:56.121 INFO  c.b.m.j.t.p.TibcoOutputProcessor - DEBUG S_EJQP_CS_MODIFYCLLO >>>> S_EJQP_CS_MODIFYCLLO
2016-05-11 13:57:56.125 INFO  c.b.m.j.t.p.TibcoOutputProcessor - DEBUG S_EJQP_CS_MODIFYCLLO >>>> S_EJQP_CS_MODIFYCLLO >>>> GLB.BBVA.GTB.DE.EJQP.CS_MODIFYCLLO.IN
2016-05-11 13:57:56.125 INFO  c.b.m.j.t.p.TibcoOutputProcessor - DEBUG S_EJQP_CS_MODIFYCLLO >>>> S_EJQP_SS_CROSSREF
2016-05-11 13:57:56.128 INFO  c.b.m.j.t.p.TibcoOutputProcessor - DEBUG S_EJQP_CS_MODIFYCLLO >>>> S_EJQP_SS_CROSSREF >>>> GLB.BBVA.GTB.DE.EJQP.SS_CROSSREF.IN
2016-05-11 13:57:56.128 INFO  c.b.m.j.t.p.TibcoOutputProcessor - DEBUG S_EJQP_CS_MODIFYCLLO >>>> S_EJQP_SS_CROSSREF
2016-05-11 13:57:56.132 INFO  c.b.m.j.t.p.TibcoOutputProcessor - DEBUG S_EJQP_CS_MODIFYCLLO >>>> S_EJQP_SS_CROSSREF >>>> GLB.BBVA.GTB.DE.EJQP.SS_CROSSREF.IN
2016-05-11 13:57:56.132 INFO  c.b.m.j.t.p.TibcoOutputProcessor - DEBUG S_EJQP_CS_MODIFYCLLO >>>> S_EJQP_SS_DICTIONARY
2016-05-11 13:57:56.136 INFO  c.b.m.j.t.p.TibcoOutputProcessor - DEBUG S_EJQP_CS_MODIFYCLLO >>>> S_EJQP_SS_DICTIONARY >>>> GLB.BBVA.GTB.DE.EJQP.SS_DICTIONARY.IN
2016-05-11 13:57:56.136 INFO  c.b.m.j.t.p.TibcoOutputProcessor - DEBUG S_EJQP_CS_MODIFYCLLO >>>> S_EJQP_SS_DICTIONARY
2016-05-11 13:57:56.140 INFO  c.b.m.j.t.p.TibcoOutputProcessor - DEBUG S_EJQP_CS_MODIFYCLLO >>>> S_EJQP_SS_DICTIONARY >>>> GLB.BBVA.GTB.DE.EJQP.SS_DICTIONARY.IN
2016-05-11 13:57:56.219 WARN  c.b.m.j.t.p.TibcoOutputProcessor - %%CFG/EJQP/BackendMidas/QueueMIDAS%%
2016-05-11 13:57:56.319 INFO  c.b.m.j.t.p.TibcoOutputProcessor - DEBUG S_EJQP_CS_MODIFYCLMP >>>> S_EJQP_CS_MODIFYCLMP
2016-05-11 13:57:56.323 INFO  c.b.m.j.t.p.TibcoOutputProcessor - DEBUG S_EJQP_CS_MODIFYCLMP >>>> S_EJQP_CS_MODIFYCLMP >>>> GLB.BBVA.GTB.DE.EJQP.CS_MODIFYCLMP.IN
2016-05-11 13:57:56.323 INFO  c.b.m.j.t.p.TibcoOutputProcessor - DEBUG S_EJQP_CS_MODIFYCLMP >>>> S_EJQP_SS_CROSSREF
2016-05-11 13:57:56.327 INFO  c.b.m.j.t.p.TibcoOutputProcessor - DEBUG S_EJQP_CS_MODIFYCLMP >>>> S_EJQP_SS_CROSSREF >>>> GLB.BBVA.GTB.DE.EJQP.SS_CROSSREF.IN
2016-05-11 13:57:56.327 INFO  c.b.m.j.t.p.TibcoOutputProcessor - DEBUG S_EJQP_CS_MODIFYCLMP >>>> S_EJQP_SS_CROSSREF
2016-05-11 13:57:56.331 INFO  c.b.m.j.t.p.TibcoOutputProcessor - DEBUG S_EJQP_CS_MODIFYCLMP >>>> S_EJQP_SS_CROSSREF >>>> GLB.BBVA.GTB.DE.EJQP.SS_CROSSREF.IN
2016-05-11 13:57:56.331 INFO  c.b.m.j.t.p.TibcoOutputProcessor - DEBUG S_EJQP_CS_MODIFYCLMP >>>> S_EJQP_SS_DICTIONARY
2016-05-11 13:57:56.334 INFO  c.b.m.j.t.p.TibcoOutputProcessor - DEBUG S_EJQP_CS_MODIFYCLMP >>>> S_EJQP_SS_DICTIONARY >>>> GLB.BBVA.GTB.DE.EJQP.SS_DICTIONARY.IN
2016-05-11 13:57:56.335 INFO  c.b.m.j.t.p.TibcoOutputProcessor - DEBUG S_EJQP_CS_MODIFYCLMP >>>> S_EJQP_SS_DICTIONARY
2016-05-11 13:57:56.339 INFO  c.b.m.j.t.p.TibcoOutputProcessor - DEBUG S_EJQP_CS_MODIFYCLMP >>>> S_EJQP_SS_DICTIONARY >>>> GLB.BBVA.GTB.DE.EJQP.SS_DICTIONARY.IN
2016-05-11 13:57:56.403 WARN  c.b.m.j.t.p.TibcoOutputProcessor - %%CFG/EJQP/BackendMidas/QueueMIDAS%%
2016-05-11 13:57:56.558 INFO  c.b.m.j.t.p.TibcoOutputProcessor - DEBUG S_EJQP_CS_REVERSEMAP >>>> S_EJQP_SS_CROSSREF
2016-05-11 13:57:56.561 INFO  c.b.m.j.t.p.TibcoOutputProcessor - DEBUG S_EJQP_CS_REVERSEMAP >>>> S_EJQP_SS_CROSSREF >>>> GLB.BBVA.GTB.DE.EJQP.SS_CROSSREF.IN
2016-05-11 13:57:56.561 INFO  c.b.m.j.t.p.TibcoOutputProcessor - DEBUG S_EJQP_CS_REVERSEMAP >>>> S_EJQP_SS_CROSSREF
2016-05-11 13:57:56.566 INFO  c.b.m.j.t.p.TibcoOutputProcessor - DEBUG S_EJQP_CS_REVERSEMAP >>>> S_EJQP_SS_CROSSREF >>>> GLB.BBVA.GTB.DE.EJQP.SS_CROSSREF.IN
2016-05-11 13:57:56.566 INFO  c.b.m.j.t.p.TibcoOutputProcessor - DEBUG S_EJQP_CS_REVERSEMAP >>>> S_EJQP_CS_REVERSEMAPY
2016-05-11 13:57:56.668 WARN  c.b.m.j.t.p.TibcoOutputProcessor - %%CFG/EJQP/BackendMidas/QueueMIDAS%%
2016-05-11 13:58:03.996 WARN  c.bbva.mmap.common.utils.FileSeeker - No ha sido posible obtener la conexion a EMS para D:\Workspace\TIBCO\DEV\GMA\datafiles\S_KYFD_FUNC_MONITORING_PUBLICATION_root\defaultVars\$_globalVariables\GlobalVariables\CFG\KYFD\QUEUES\defaultVars.substvar.
2016-05-11 13:58:04.019 WARN  c.bbva.mmap.common.utils.FileSeeker - No ha sido posible obtener la conexion a EMS para D:\Workspace\TIBCO\DEV\GMA\datafiles\S_KYFD_FUNC_MONITORING_PUBLICATION_root\defaultVars\$_globalVariables\GlobalVariables\CFG\KYFD\QUEUES\defaultVars.substvar.
2016-05-11 13:58:04.044 WARN  c.bbva.mmap.common.utils.FileSeeker - No ha sido posible obtener la conexion a EMS para D:\Workspace\TIBCO\DEV\GMA\datafiles\S_KYFD_FUNC_MONITORING_PUBLICATION_root\defaultVars\$_globalVariables\GlobalVariables\CFG\KYFD\QUEUES\defaultVars.substvar.
2016-05-11 13:58:06.437 WARN  c.b.m.j.t.p.TibcoOutputProcessor - %%GLB/MGC/DFA_SS_MGC%%
2016-05-11 13:58:06.782 INFO  c.b.m.j.tibco.listener.TibcoListener - Formatting ESBInspector_DESKTOP-UOKULT9.xml...
2016-05-11 13:58:06.904 INFO  c.b.m.j.tibco.listener.TibcoListener - Clearing D:\Workspace\Pool
2016-05-11 13:58:07.428 INFO  c.b.m.j.tibco.listener.TibcoListener - COMPLETED --> ESBInspector_DESKTOP-UOKULT9.xml size is 364 Kb
2016-05-11 13:58:07.433 INFO  o.s.b.c.l.support.SimpleJobLauncher - Job: [FlowJob: [name=tibcoServicesJob]] completed with the following parameters: [{-spring.output.ansi.enabled=always, run.id=1}] and the following status: [COMPLETED]
2016-05-11 13:58:07.439 INFO  com.bbva.mmap.Launcher - Started Launcher in 94.66 seconds (JVM running for 95.989)
2016-05-11 13:58:07.441 INFO  o.s.c.a.AnnotationConfigApplicationContext - Closing org.springframework.context.annotation.AnnotationConfigApplicationContext@7bb3be4f: startup date [Wed May 11 13:56:33 CEST 2016]; root of context hierarchy
2016-05-11 13:58:07.447 INFO  o.s.j.e.a.AnnotationMBeanExporter - Unregistering JMX-exposed beans on shutdown
2016-05-11 13:58:07.451 INFO  o.s.o.j.LocalContainerEntityManagerFactoryBean - Closing JPA EntityManagerFactory for persistence unit 'default'
2016-05-11 13:58:07.451 INFO  o.h.tool.hbm2ddl.SchemaExport - HHH000227: Running hbm2ddl schema export
2016-05-11 13:58:07.452 INFO  o.h.tool.hbm2ddl.SchemaExport - HHH000230: Schema export complete
2016-05-11 14:16:34.183 INFO  com.bbva.mmap.Launcher - Starting Launcher on DESKTOP-UOKULT9 with PID 12556 (D:\Workspace\Java\ESBInspectorLab\target\classes started by jorge in D:\Workspace\Java\ESBInspectorLab)
2016-05-11 14:16:34.189 INFO  com.bbva.mmap.Launcher - No active profile set, falling back to default profiles: default
2016-05-11 14:16:34.320 INFO  o.s.c.a.AnnotationConfigApplicationContext - Refreshing org.springframework.context.annotation.AnnotationConfigApplicationContext@16bd9ed: startup date [Wed May 11 14:16:34 CEST 2016]; root of context hierarchy
2016-05-11 14:16:36.948 WARN  o.s.c.a.ConfigurationClassEnhancer - @Bean method ScopeConfiguration.stepScope is non-static and returns an object assignable to Spring's BeanFactoryPostProcessor interface. This will result in a failure to process annotations such as @Autowired, @Resource and @PostConstruct within the method's declaring @Configuration class. Add the 'static' modifier to this method to avoid these container lifecycle issues; see @Bean javadoc for complete details.
2016-05-11 14:16:36.977 WARN  o.s.c.a.ConfigurationClassEnhancer - @Bean method ScopeConfiguration.jobScope is non-static and returns an object assignable to Spring's BeanFactoryPostProcessor interface. This will result in a failure to process annotations such as @Autowired, @Resource and @PostConstruct within the method's declaring @Configuration class. Add the 'static' modifier to this method to avoid these container lifecycle issues; see @Bean javadoc for complete details.
2016-05-11 14:16:38.285 INFO  o.s.o.j.LocalContainerEntityManagerFactoryBean - Building JPA container EntityManagerFactory for persistence unit 'default'
2016-05-11 14:16:38.336 INFO  o.h.jpa.internal.util.LogHelper - HHH000204: Processing PersistenceUnitInfo [
	name: default
	...]
2016-05-11 14:16:38.539 INFO  org.hibernate.Version - HHH000412: Hibernate Core {4.3.11.Final}
2016-05-11 14:16:38.568 INFO  org.hibernate.cfg.Environment - HHH000206: hibernate.properties not found
2016-05-11 14:16:38.573 INFO  org.hibernate.cfg.Environment - HHH000021: Bytecode provider name : javassist
2016-05-11 14:16:39.049 INFO  o.h.annotations.common.Version - HCANN000001: Hibernate Commons Annotations {4.0.5.Final}
2016-05-11 14:16:39.159 INFO  org.hibernate.dialect.Dialect - HHH000400: Using dialect: org.hibernate.dialect.HSQLDialect
2016-05-11 14:16:39.237 INFO  o.h.h.i.a.ASTQueryTranslatorFactory - HHH000397: Using ASTQueryTranslatorFactory
2016-05-11 14:16:39.599 INFO  o.h.tool.hbm2ddl.SchemaExport - HHH000227: Running hbm2ddl schema export
2016-05-11 14:16:39.601 INFO  o.h.tool.hbm2ddl.SchemaExport - HHH000230: Schema export complete
2016-05-11 14:16:40.030 INFO  o.s.oxm.jaxb.Jaxb2Marshaller - Creating JAXBContext with classes to be bound [class com.bbva.mmap.jobs.tibco.model.input.ProcessDefinitionModel]
2016-05-11 14:16:40.232 INFO  o.s.oxm.jaxb.Jaxb2Marshaller - Creating JAXBContext with classes to be bound [class com.bbva.mmap.jobs.tibco.model.output.TibcoOutput]
2016-05-11 14:16:40.580 WARN  o.s.b.a.batch.BasicBatchConfigurer - JPA does not support custom isolation levels, so locks may not be taken when launching Jobs
2016-05-11 14:16:40.584 INFO  o.s.b.c.r.s.JobRepositoryFactoryBean - No database type set, using meta data indicating: HSQL
2016-05-11 14:16:40.786 INFO  o.s.b.c.l.support.SimpleJobLauncher - No TaskExecutor has been set, defaulting to synchronous executor.
2016-05-11 14:16:40.836 INFO  o.s.jdbc.datasource.init.ScriptUtils - Executing SQL script from class path resource [org/springframework/batch/core/schema-hsqldb.sql]
2016-05-11 14:16:40.851 INFO  o.s.jdbc.datasource.init.ScriptUtils - Executed SQL script from class path resource [org/springframework/batch/core/schema-hsqldb.sql] in 15 ms.
2016-05-11 14:16:41.151 INFO  o.s.j.e.a.AnnotationMBeanExporter - Registering beans for JMX exposure on startup
2016-05-11 14:16:41.174 INFO  o.s.b.a.b.JobLauncherCommandLineRunner - Running default command line with: [--spring.output.ansi.enabled=always]
2016-05-11 14:16:41.298 INFO  o.s.b.c.l.support.SimpleJobLauncher - Job: [FlowJob: [name=tibcoServicesJob]] launched with the following parameters: [{-spring.output.ansi.enabled=always, run.id=1}]
2016-05-11 14:16:41.305 INFO  c.b.m.j.tibco.listener.TibcoListener - Copying files to D:\Workspace\Pool\...
2016-05-11 14:16:59.745 INFO  c.b.m.j.tibco.listener.TibcoListener - Completed.
2016-05-11 14:16:59.745 INFO  c.b.m.j.tibco.listener.TibcoListener - Modifying .process files...
2016-05-11 14:17:11.629 INFO  c.b.m.j.tibco.listener.TibcoListener - Completed.
2016-05-11 14:17:11.647 INFO  o.s.batch.core.job.SimpleStepHandler - Executing step: [step]
2016-05-11 14:17:39.840 WARN  c.bbva.mmap.common.utils.FileSeeker - No ha sido posible obtener la conexion a EMS para D:\Workspace\TIBCO\DEV\GMA\datafiles\GMA_EFON_BW_IA_FONETIC_root\defaultVars\$ARC_FindQueue\defaultVars.substvar.
2016-05-11 14:17:44.989 WARN  c.bbva.mmap.common.utils.FileSeeker - No ha sido posible obtener la conexion a EMS para D:\Workspace\TIBCO\DEV\GMA\datafiles\GMA_KLTB_CALYPSO_CR_BW_OPERACIONES_root\defaultVars\GLB\CALYPSO_CR\JMS\defaultVars.substvar.
2016-05-11 14:17:44.991 WARN  c.b.m.j.t.p.TibcoOutputProcessor - %%GLB/CALYPSO_CR/JMS/CIB_Prefix%.%%CFG/ARCHITECTURE/ENVIRONMENT/CFG_ENVIRONMENT_PREFIX%%.%%GLB/CALYPSO_CR/JMS/CR_PREDEAL_ACK%%
2016-05-11 14:17:45.110 WARN  c.bbva.mmap.common.utils.FileSeeker - No ha sido posible obtener la conexion a EMS para D:\Workspace\TIBCO\DEV\GMA\datafiles\GMA_KLTB_CALYPSO_CR_BW_OPERACIONES_root\defaultVars\GLB\CALYPSO_CR\JMS\defaultVars.substvar.
2016-05-11 14:17:45.112 WARN  c.b.m.j.t.p.TibcoOutputProcessor - %%GLB/CALYPSO_CR/JMS/CIB_Prefix%.%%CFG/ARCHITECTURE/ENVIRONMENT/CFG_ENVIRONMENT_PREFIX%%.%%GLB/CALYPSO_CR/JMS/CR_PREDEAL_ACK%%
2016-05-11 14:17:54.352 WARN  c.bbva.mmap.common.utils.FileSeeker - No ha sido posible obtener la conexion a EMS para D:\Workspace\TIBCO\DEV\GMA\datafiles\GMA_KYFK_CALYPSO_BW_LIQUIDACIONES_root\defaultVars\
\GLB\CALYPSO\JMS\defaultVars.substvar.
2016-05-11 14:17:54.476 WARN  c.bbva.mmap.common.utils.FileSeeker - No ha sido posible obtener la conexion a EMS para D:\Workspace\TIBCO\DEV\GMA\datafiles\GMA_KYFK_CALYPSO_BW_LIQUIDACIONES_root\defaultVars\
\GLB\CALYPSO\JMS\defaultVars.substvar.
2016-05-11 14:17:54.749 WARN  c.bbva.mmap.common.utils.FileSeeker - No ha sido posible obtener la conexion a EMS para D:\Workspace\TIBCO\DEV\GMA\datafiles\GMA_KYFK_CALYPSO_BW_LIQUIDACIONES_root\defaultVars\
\GLB\CALYPSO\JMS\defaultVars.substvar.
2016-05-11 14:17:54.778 WARN  c.bbva.mmap.common.utils.FileSeeker - No ha sido posible obtener la conexion a EMS para D:\Workspace\TIBCO\DEV\GMA\datafiles\GMA_KYFK_CALYPSO_BW_LIQUIDACIONES_root\defaultVars\
\GLB\CALYPSO\JMS\defaultVars.substvar.
2016-05-11 14:17:57.693 WARN  c.b.m.j.t.p.TibcoOutputProcessor - %%GLB/AMIGA/JMS/env_Backend_Queue_IN%%
2016-05-11 14:18:03.077 WARN  c.bbva.mmap.common.utils.FileSeeker - No ha sido posible obtener la conexion a EMS para D:\Workspace\TIBCO\DEV\GMA\datafiles\GMA_KYRS_RDR_BW-PUB_root\defaultVars\
\GLB\RDR\JMS\ACK\defaultVars.substvar.
2016-05-11 14:18:03.106 WARN  c.bbva.mmap.common.utils.FileSeeker - No ha sido posible obtener la conexion a EMS para D:\Workspace\TIBCO\DEV\GMA\datafiles\GMA_KYRS_RDR_BW-PUB_root\defaultVars\
\GLB\RDR\JMS\defaultVars.substvar.
2016-05-11 14:18:03.134 WARN  c.bbva.mmap.common.utils.FileSeeker - No ha sido posible obtener la conexion a EMS para D:\Workspace\TIBCO\DEV\GMA\datafiles\GMA_KYRS_RDR_BW-PUB_root\defaultVars\
\GLB\RDR\JMS\ACK\defaultVars.substvar.
2016-05-11 14:18:03.162 WARN  c.bbva.mmap.common.utils.FileSeeker - No ha sido posible obtener la conexion a EMS para D:\Workspace\TIBCO\DEV\GMA\datafiles\GMA_KYRS_RDR_BW-PUB_root\defaultVars\
\GLB\RDR\JMS\defaultVars.substvar.
2016-05-11 14:18:03.192 WARN  c.bbva.mmap.common.utils.FileSeeker - No ha sido posible obtener la conexion a EMS para D:\Workspace\TIBCO\DEV\GMA\datafiles\GMA_KYRS_RDR_BW-PUB_root\defaultVars\
\GLB\RDR\JMS\ACK\defaultVars.substvar.
2016-05-11 14:18:03.221 WARN  c.bbva.mmap.common.utils.FileSeeker - No ha sido posible obtener la conexion a EMS para D:\Workspace\TIBCO\DEV\GMA\datafiles\GMA_KYRS_RDR_BW-PUB_root\defaultVars\
\GLB\RDR\JMS\defaultVars.substvar.
2016-05-11 14:18:03.248 WARN  c.bbva.mmap.common.utils.FileSeeker - No ha sido posible obtener la conexion a EMS para D:\Workspace\TIBCO\DEV\GMA\datafiles\GMA_KYRS_RDR_BW-PUB_root\defaultVars\
\GLB\RDR\JMS\ACK\defaultVars.substvar.
2016-05-11 14:18:03.277 WARN  c.bbva.mmap.common.utils.FileSeeker - No ha sido posible obtener la conexion a EMS para D:\Workspace\TIBCO\DEV\GMA\datafiles\GMA_KYRS_RDR_BW-PUB_root\defaultVars\
\GLB\RDR\JMS\defaultVars.substvar.
2016-05-11 14:18:03.319 WARN  c.bbva.mmap.common.utils.FileSeeker - No ha sido posible obtener la conexion a EMS para D:\Workspace\TIBCO\DEV\GMA\datafiles\GMA_KYRS_RDR_BW-PUB_root\defaultVars\
\GLB\RDR\JMS\defaultVars.substvar.
2016-05-11 14:18:03.354 WARN  c.bbva.mmap.common.utils.FileSeeker - No ha sido posible obtener la conexion a EMS para D:\Workspace\TIBCO\DEV\GMA\datafiles\GMA_KYRS_RDR_BW-PUB_root\defaultVars\
\GLB\RDR\JMS\defaultVars.substvar.
2016-05-11 14:18:03.388 WARN  c.bbva.mmap.common.utils.FileSeeker - No ha sido posible obtener la conexion a EMS para D:\Workspace\TIBCO\DEV\GMA\datafiles\GMA_KYRS_RDR_BW-PUB_root\defaultVars\
\GLB\RDR\JMS\ACK\defaultVars.substvar.
2016-05-11 14:18:03.420 WARN  c.bbva.mmap.common.utils.FileSeeker - No ha sido posible obtener la conexion a EMS para D:\Workspace\TIBCO\DEV\GMA\datafiles\GMA_KYRS_RDR_BW-PUB_root\defaultVars\
\GLB\RDR\JMS\ACK\defaultVars.substvar.
2016-05-11 14:18:03.449 WARN  c.bbva.mmap.common.utils.FileSeeker - No ha sido posible obtener la conexion a EMS para D:\Workspace\TIBCO\DEV\GMA\datafiles\GMA_KYRS_RDR_BW-PUB_root\defaultVars\
\GLB\RDR\JMS\ACK\defaultVars.substvar.
2016-05-11 14:18:03.478 WARN  c.bbva.mmap.common.utils.FileSeeker - No ha sido posible obtener la conexion a EMS para D:\Workspace\TIBCO\DEV\GMA\datafiles\GMA_KYRS_RDR_BW-PUB_root\defaultVars\
\GLB\RDR\JMS\ACK\defaultVars.substvar.
2016-05-11 14:18:05.006 WARN  c.bbva.mmap.common.utils.FileSeeker - No ha sido posible obtener la conexion a EMS para D:\Workspace\TIBCO\DEV\GMA\datafiles\GMA_KYRS_RDR_BW_PUBLISH_root\defaultVars\
\GLB\RDR\JMS\ACK\defaultVars.substvar.
2016-05-11 14:18:05.031 WARN  c.bbva.mmap.common.utils.FileSeeker - No ha sido posible obtener la conexion a EMS para D:\Workspace\TIBCO\DEV\GMA\datafiles\GMA_KYRS_RDR_BW_PUBLISH_root\defaultVars\
\GLB\RDR\JMS\defaultVars.substvar.
2016-05-11 14:18:05.057 WARN  c.bbva.mmap.common.utils.FileSeeker - No ha sido posible obtener la conexion a EMS para D:\Workspace\TIBCO\DEV\GMA\datafiles\GMA_KYRS_RDR_BW_PUBLISH_root\defaultVars\
\GLB\RDR\JMS\ACK\defaultVars.substvar.
2016-05-11 14:18:05.082 WARN  c.bbva.mmap.common.utils.FileSeeker - No ha sido posible obtener la conexion a EMS para D:\Workspace\TIBCO\DEV\GMA\datafiles\GMA_KYRS_RDR_BW_PUBLISH_root\defaultVars\
\GLB\RDR\JMS\defaultVars.substvar.
2016-05-11 14:18:05.109 WARN  c.bbva.mmap.common.utils.FileSeeker - No ha sido posible obtener la conexion a EMS para D:\Workspace\TIBCO\DEV\GMA\datafiles\GMA_KYRS_RDR_BW_PUBLISH_root\defaultVars\
\GLB\RDR\JMS\ACK\defaultVars.substvar.
2016-05-11 14:18:05.137 WARN  c.bbva.mmap.common.utils.FileSeeker - No ha sido posible obtener la conexion a EMS para D:\Workspace\TIBCO\DEV\GMA\datafiles\GMA_KYRS_RDR_BW_PUBLISH_root\defaultVars\
\GLB\RDR\JMS\defaultVars.substvar.
2016-05-11 14:18:05.162 WARN  c.bbva.mmap.common.utils.FileSeeker - No ha sido posible obtener la conexion a EMS para D:\Workspace\TIBCO\DEV\GMA\datafiles\GMA_KYRS_RDR_BW_PUBLISH_root\defaultVars\
\GLB\RDR\JMS\ACK\defaultVars.substvar.
2016-05-11 14:18:05.187 WARN  c.bbva.mmap.common.utils.FileSeeker - No ha sido posible obtener la conexion a EMS para D:\Workspace\TIBCO\DEV\GMA\datafiles\GMA_KYRS_RDR_BW_PUBLISH_root\defaultVars\
\GLB\RDR\JMS\defaultVars.substvar.
2016-05-11 14:18:05.213 WARN  c.bbva.mmap.common.utils.FileSeeker - No ha sido posible obtener la conexion a EMS para D:\Workspace\TIBCO\DEV\GMA\datafiles\GMA_KYRS_RDR_BW_PUBLISH_root\defaultVars\
\GLB\RDR\JMS\defaultVars.substvar.
2016-05-11 14:18:05.240 WARN  c.bbva.mmap.common.utils.FileSeeker - No ha sido posible obtener la conexion a EMS para D:\Workspace\TIBCO\DEV\GMA\datafiles\GMA_KYRS_RDR_BW_PUBLISH_root\defaultVars\
\GLB\RDR\JMS\defaultVars.substvar.
2016-05-11 14:18:05.272 WARN  c.bbva.mmap.common.utils.FileSeeker - No ha sido posible obtener la conexion a EMS para D:\Workspace\TIBCO\DEV\GMA\datafiles\GMA_KYRS_RDR_BW_PUBLISH_root\defaultVars\
\GLB\RDR\JMS\ACK\defaultVars.substvar.
2016-05-11 14:18:05.307 WARN  c.bbva.mmap.common.utils.FileSeeker - No ha sido posible obtener la conexion a EMS para D:\Workspace\TIBCO\DEV\GMA\datafiles\GMA_KYRS_RDR_BW_PUBLISH_root\defaultVars\
\GLB\RDR\JMS\ACK\defaultVars.substvar.
2016-05-11 14:18:05.336 WARN  c.bbva.mmap.common.utils.FileSeeker - No ha sido posible obtener la conexion a EMS para D:\Workspace\TIBCO\DEV\GMA\datafiles\GMA_KYRS_RDR_BW_PUBLISH_root\defaultVars\
\GLB\RDR\JMS\ACK\defaultVars.substvar.
2016-05-11 14:18:05.362 WARN  c.bbva.mmap.common.utils.FileSeeker - No ha sido posible obtener la conexion a EMS para D:\Workspace\TIBCO\DEV\GMA\datafiles\GMA_KYRS_RDR_BW_PUBLISH_root\defaultVars\
\GLB\RDR\JMS\ACK\defaultVars.substvar.
2016-05-11 14:18:05.529 INFO  c.b.m.j.t.p.TibcoOutputProcessor - DEBUG >>>> ns3:Entity[@Code = $code]))) 
then S_KYRS_SS_PARTY 
else S_KYUJ_CS_RDUSERINF
2016-05-11 14:18:07.199 WARN  c.b.m.j.t.p.TibcoOutputProcessor - %%CFG/EJQP/BackendMidas/QueueMIDAS%%
2016-05-11 14:18:07.364 WARN  c.b.m.j.t.p.TibcoOutputProcessor - %%CFG/EJQP/BackendMidas/QueueMIDAS%%
2016-05-11 14:18:07.608 WARN  c.b.m.j.t.p.TibcoOutputProcessor - %%CFG/EJQP/BackendMidas/QueueMIDAS%%
2016-05-11 14:18:07.773 WARN  c.b.m.j.t.p.TibcoOutputProcessor - %%CFG/EJQP/BackendMidas/QueueMIDAS%%
2016-05-11 14:18:08.427 WARN  c.b.m.j.t.p.TibcoOutputProcessor - %%CFG/EJQP/BackendMidas/QueueMIDAS%%
2016-05-11 14:18:08.597 WARN  c.b.m.j.t.p.TibcoOutputProcessor - %%CFG/EJQP/BackendMidas/QueueMIDAS%%
2016-05-11 14:18:08.764 WARN  c.b.m.j.t.p.TibcoOutputProcessor - %%CFG/EJQP/BackendMidas/QueueMIDAS%%
2016-05-11 14:18:09.037 WARN  c.b.m.j.t.p.TibcoOutputProcessor - %%CFG/EJQP/BackendMidas/QueueMIDAS%%
2016-05-11 14:18:16.513 WARN  c.bbva.mmap.common.utils.FileSeeker - No ha sido posible obtener la conexion a EMS para D:\Workspace\TIBCO\DEV\GMA\datafiles\S_KYFD_FUNC_MONITORING_PUBLICATION_root\defaultVars\$_globalVariables\GlobalVariables\CFG\KYFD\QUEUES\defaultVars.substvar.
2016-05-11 14:18:16.539 WARN  c.bbva.mmap.common.utils.FileSeeker - No ha sido posible obtener la conexion a EMS para D:\Workspace\TIBCO\DEV\GMA\datafiles\S_KYFD_FUNC_MONITORING_PUBLICATION_root\defaultVars\$_globalVariables\GlobalVariables\CFG\KYFD\QUEUES\defaultVars.substvar.
2016-05-11 14:18:16.563 WARN  c.bbva.mmap.common.utils.FileSeeker - No ha sido posible obtener la conexion a EMS para D:\Workspace\TIBCO\DEV\GMA\datafiles\S_KYFD_FUNC_MONITORING_PUBLICATION_root\defaultVars\$_globalVariables\GlobalVariables\CFG\KYFD\QUEUES\defaultVars.substvar.
2016-05-11 14:18:18.797 WARN  c.b.m.j.t.p.TibcoOutputProcessor - %%GLB/MGC/DFA_SS_MGC%%
2016-05-11 14:18:19.173 INFO  c.b.m.j.tibco.listener.TibcoListener - Formatting ESBInspector_DESKTOP-UOKULT9.xml...
2016-05-11 14:18:19.322 INFO  c.b.m.j.tibco.listener.TibcoListener - Clearing D:\Workspace\Pool
2016-05-11 14:18:19.860 INFO  c.b.m.j.tibco.listener.TibcoListener - COMPLETED --> ESBInspector_DESKTOP-UOKULT9.xml size is 364 Kb
2016-05-11 14:18:19.866 INFO  o.s.b.c.l.support.SimpleJobLauncher - Job: [FlowJob: [name=tibcoServicesJob]] completed with the following parameters: [{-spring.output.ansi.enabled=always, run.id=1}] and the following status: [COMPLETED]
2016-05-11 14:18:19.875 INFO  com.bbva.mmap.Launcher - Started Launcher in 106.206 seconds (JVM running for 107.276)
2016-05-11 14:18:19.879 INFO  o.s.c.a.AnnotationConfigApplicationContext - Closing org.springframework.context.annotation.AnnotationConfigApplicationContext@16bd9ed: startup date [Wed May 11 14:16:34 CEST 2016]; root of context hierarchy
2016-05-11 14:18:19.888 INFO  o.s.j.e.a.AnnotationMBeanExporter - Unregistering JMX-exposed beans on shutdown
2016-05-11 14:18:19.891 INFO  o.s.o.j.LocalContainerEntityManagerFactoryBean - Closing JPA EntityManagerFactory for persistence unit 'default'
2016-05-11 14:18:19.891 INFO  o.h.tool.hbm2ddl.SchemaExport - HHH000227: Running hbm2ddl schema export
2016-05-11 14:18:19.892 INFO  o.h.tool.hbm2ddl.SchemaExport - HHH000230: Schema export complete
2016-05-11 14:20:08.161 INFO  com.bbva.mmap.Launcher - Starting Launcher on DESKTOP-UOKULT9 with PID 12060 (D:\Workspace\Java\ESBInspectorLab\target\classes started by jorge in D:\Workspace\Java\ESBInspectorLab)
2016-05-11 14:20:08.166 INFO  com.bbva.mmap.Launcher - No active profile set, falling back to default profiles: default
2016-05-11 14:20:08.315 INFO  o.s.c.a.AnnotationConfigApplicationContext - Refreshing org.springframework.context.annotation.AnnotationConfigApplicationContext@7140d632: startup date [Wed May 11 14:20:08 CEST 2016]; root of context hierarchy
2016-05-11 14:20:10.294 WARN  o.s.c.a.ConfigurationClassEnhancer - @Bean method ScopeConfiguration.stepScope is non-static and returns an object assignable to Spring's BeanFactoryPostProcessor interface. This will result in a failure to process annotations such as @Autowired, @Resource and @PostConstruct within the method's declaring @Configuration class. Add the 'static' modifier to this method to avoid these container lifecycle issues; see @Bean javadoc for complete details.
2016-05-11 14:20:10.325 WARN  o.s.c.a.ConfigurationClassEnhancer - @Bean method ScopeConfiguration.jobScope is non-static and returns an object assignable to Spring's BeanFactoryPostProcessor interface. This will result in a failure to process annotations such as @Autowired, @Resource and @PostConstruct within the method's declaring @Configuration class. Add the 'static' modifier to this method to avoid these container lifecycle issues; see @Bean javadoc for complete details.
2016-05-11 14:20:11.159 INFO  o.s.o.j.LocalContainerEntityManagerFactoryBean - Building JPA container EntityManagerFactory for persistence unit 'default'
2016-05-11 14:20:11.188 INFO  o.h.jpa.internal.util.LogHelper - HHH000204: Processing PersistenceUnitInfo [
	name: default
	...]
2016-05-11 14:20:11.274 INFO  org.hibernate.Version - HHH000412: Hibernate Core {4.3.11.Final}
2016-05-11 14:20:11.275 INFO  org.hibernate.cfg.Environment - HHH000206: hibernate.properties not found
2016-05-11 14:20:11.277 INFO  org.hibernate.cfg.Environment - HHH000021: Bytecode provider name : javassist
2016-05-11 14:20:11.518 INFO  o.h.annotations.common.Version - HCANN000001: Hibernate Commons Annotations {4.0.5.Final}
2016-05-11 14:20:11.577 INFO  org.hibernate.dialect.Dialect - HHH000400: Using dialect: org.hibernate.dialect.HSQLDialect
2016-05-11 14:20:11.627 INFO  o.h.h.i.a.ASTQueryTranslatorFactory - HHH000397: Using ASTQueryTranslatorFactory
2016-05-11 14:20:11.895 INFO  o.h.tool.hbm2ddl.SchemaExport - HHH000227: Running hbm2ddl schema export
2016-05-11 14:20:11.898 INFO  o.h.tool.hbm2ddl.SchemaExport - HHH000230: Schema export complete
2016-05-11 14:20:12.234 INFO  o.s.oxm.jaxb.Jaxb2Marshaller - Creating JAXBContext with classes to be bound [class com.bbva.mmap.jobs.tibco.model.input.ProcessDefinitionModel]
2016-05-11 14:20:12.478 INFO  o.s.oxm.jaxb.Jaxb2Marshaller - Creating JAXBContext with classes to be bound [class com.bbva.mmap.jobs.tibco.model.output.TibcoOutput]
2016-05-11 14:20:12.812 WARN  o.s.b.a.batch.BasicBatchConfigurer - JPA does not support custom isolation levels, so locks may not be taken when launching Jobs
2016-05-11 14:20:12.817 INFO  o.s.b.c.r.s.JobRepositoryFactoryBean - No database type set, using meta data indicating: HSQL
2016-05-11 14:20:12.953 INFO  o.s.b.c.l.support.SimpleJobLauncher - No TaskExecutor has been set, defaulting to synchronous executor.
2016-05-11 14:20:12.988 INFO  o.s.jdbc.datasource.init.ScriptUtils - Executing SQL script from class path resource [org/springframework/batch/core/schema-hsqldb.sql]
2016-05-11 14:20:13.000 INFO  o.s.jdbc.datasource.init.ScriptUtils - Executed SQL script from class path resource [org/springframework/batch/core/schema-hsqldb.sql] in 11 ms.
2016-05-11 14:20:13.193 INFO  o.s.j.e.a.AnnotationMBeanExporter - Registering beans for JMX exposure on startup
2016-05-11 14:20:13.218 INFO  o.s.b.a.b.JobLauncherCommandLineRunner - Running default command line with: [--spring.output.ansi.enabled=always]
2016-05-11 14:20:13.340 INFO  o.s.b.c.l.support.SimpleJobLauncher - Job: [FlowJob: [name=tibcoServicesJob]] launched with the following parameters: [{-spring.output.ansi.enabled=always, run.id=1}]
2016-05-11 14:20:13.348 INFO  c.b.m.j.tibco.listener.TibcoListener - Copying files to D:\Workspace\Pool\...
2016-05-11 14:20:31.785 INFO  c.b.m.j.tibco.listener.TibcoListener - Completed.
2016-05-11 14:20:31.785 INFO  c.b.m.j.tibco.listener.TibcoListener - Modifying .process files...
2016-05-11 14:20:43.728 INFO  c.b.m.j.tibco.listener.TibcoListener - Completed.
2016-05-11 14:20:43.744 INFO  o.s.batch.core.job.SimpleStepHandler - Executing step: [step]
2016-05-11 14:21:04.224 WARN  c.bbva.mmap.common.utils.FileSeeker - No ha sido posible obtener la conexion a EMS para D:\Workspace\TIBCO\DEV\GMA\datafiles\GMA_EFON_BW_IA_FONETIC_root\defaultVars\$ARC_FindQueue\defaultVars.substvar.
2016-05-11 14:21:08.840 WARN  c.bbva.mmap.common.utils.FileSeeker - No ha sido posible obtener la conexion a EMS para D:\Workspace\TIBCO\DEV\GMA\datafiles\GMA_KLTB_CALYPSO_CR_BW_OPERACIONES_root\defaultVars\GLB\CALYPSO_CR\JMS\defaultVars.substvar.
2016-05-11 14:21:08.842 WARN  c.b.m.j.t.p.TibcoOutputProcessor - %%GLB/CALYPSO_CR/JMS/CIB_Prefix%.%%CFG/ARCHITECTURE/ENVIRONMENT/CFG_ENVIRONMENT_PREFIX%%.%%GLB/CALYPSO_CR/JMS/CR_PREDEAL_ACK%%
2016-05-11 14:21:08.966 WARN  c.bbva.mmap.common.utils.FileSeeker - No ha sido posible obtener la conexion a EMS para D:\Workspace\TIBCO\DEV\GMA\datafiles\GMA_KLTB_CALYPSO_CR_BW_OPERACIONES_root\defaultVars\GLB\CALYPSO_CR\JMS\defaultVars.substvar.
2016-05-11 14:21:08.968 WARN  c.b.m.j.t.p.TibcoOutputProcessor - %%GLB/CALYPSO_CR/JMS/CIB_Prefix%.%%CFG/ARCHITECTURE/ENVIRONMENT/CFG_ENVIRONMENT_PREFIX%%.%%GLB/CALYPSO_CR/JMS/CR_PREDEAL_ACK%%
2016-05-11 14:21:17.495 WARN  c.bbva.mmap.common.utils.FileSeeker - No ha sido posible obtener la conexion a EMS para D:\Workspace\TIBCO\DEV\GMA\datafiles\GMA_KYFK_CALYPSO_BW_LIQUIDACIONES_root\defaultVars\
\GLB\CALYPSO\JMS\defaultVars.substvar.
2016-05-11 14:21:17.619 WARN  c.bbva.mmap.common.utils.FileSeeker - No ha sido posible obtener la conexion a EMS para D:\Workspace\TIBCO\DEV\GMA\datafiles\GMA_KYFK_CALYPSO_BW_LIQUIDACIONES_root\defaultVars\
\GLB\CALYPSO\JMS\defaultVars.substvar.
2016-05-11 14:21:17.994 WARN  c.bbva.mmap.common.utils.FileSeeker - No ha sido posible obtener la conexion a EMS para D:\Workspace\TIBCO\DEV\GMA\datafiles\GMA_KYFK_CALYPSO_BW_LIQUIDACIONES_root\defaultVars\
\GLB\CALYPSO\JMS\defaultVars.substvar.
2016-05-11 14:21:18.037 WARN  c.bbva.mmap.common.utils.FileSeeker - No ha sido posible obtener la conexion a EMS para D:\Workspace\TIBCO\DEV\GMA\datafiles\GMA_KYFK_CALYPSO_BW_LIQUIDACIONES_root\defaultVars\
\GLB\CALYPSO\JMS\defaultVars.substvar.
2016-05-11 14:21:21.848 WARN  c.b.m.j.t.p.TibcoOutputProcessor - %%GLB/AMIGA/JMS/env_Backend_Queue_IN%%
2016-05-11 14:21:27.049 WARN  c.bbva.mmap.common.utils.FileSeeker - No ha sido posible obtener la conexion a EMS para D:\Workspace\TIBCO\DEV\GMA\datafiles\GMA_KYRS_RDR_BW-PUB_root\defaultVars\
\GLB\RDR\JMS\ACK\defaultVars.substvar.
2016-05-11 14:21:27.082 WARN  c.bbva.mmap.common.utils.FileSeeker - No ha sido posible obtener la conexion a EMS para D:\Workspace\TIBCO\DEV\GMA\datafiles\GMA_KYRS_RDR_BW-PUB_root\defaultVars\
\GLB\RDR\JMS\defaultVars.substvar.
2016-05-11 14:21:27.116 WARN  c.bbva.mmap.common.utils.FileSeeker - No ha sido posible obtener la conexion a EMS para D:\Workspace\TIBCO\DEV\GMA\datafiles\GMA_KYRS_RDR_BW-PUB_root\defaultVars\
\GLB\RDR\JMS\ACK\defaultVars.substvar.
2016-05-11 14:21:27.147 WARN  c.bbva.mmap.common.utils.FileSeeker - No ha sido posible obtener la conexion a EMS para D:\Workspace\TIBCO\DEV\GMA\datafiles\GMA_KYRS_RDR_BW-PUB_root\defaultVars\
\GLB\RDR\JMS\defaultVars.substvar.
2016-05-11 14:21:27.183 WARN  c.bbva.mmap.common.utils.FileSeeker - No ha sido posible obtener la conexion a EMS para D:\Workspace\TIBCO\DEV\GMA\datafiles\GMA_KYRS_RDR_BW-PUB_root\defaultVars\
\GLB\RDR\JMS\ACK\defaultVars.substvar.
2016-05-11 14:21:27.214 WARN  c.bbva.mmap.common.utils.FileSeeker - No ha sido posible obtener la conexion a EMS para D:\Workspace\TIBCO\DEV\GMA\datafiles\GMA_KYRS_RDR_BW-PUB_root\defaultVars\
\GLB\RDR\JMS\defaultVars.substvar.
2016-05-11 14:21:27.241 WARN  c.bbva.mmap.common.utils.FileSeeker - No ha sido posible obtener la conexion a EMS para D:\Workspace\TIBCO\DEV\GMA\datafiles\GMA_KYRS_RDR_BW-PUB_root\defaultVars\
\GLB\RDR\JMS\ACK\defaultVars.substvar.
2016-05-11 14:21:27.271 WARN  c.bbva.mmap.common.utils.FileSeeker - No ha sido posible obtener la conexion a EMS para D:\Workspace\TIBCO\DEV\GMA\datafiles\GMA_KYRS_RDR_BW-PUB_root\defaultVars\
\GLB\RDR\JMS\defaultVars.substvar.
2016-05-11 14:21:27.298 WARN  c.bbva.mmap.common.utils.FileSeeker - No ha sido posible obtener la conexion a EMS para D:\Workspace\TIBCO\DEV\GMA\datafiles\GMA_KYRS_RDR_BW-PUB_root\defaultVars\
\GLB\RDR\JMS\defaultVars.substvar.
2016-05-11 14:21:27.324 WARN  c.bbva.mmap.common.utils.FileSeeker - No ha sido posible obtener la conexion a EMS para D:\Workspace\TIBCO\DEV\GMA\datafiles\GMA_KYRS_RDR_BW-PUB_root\defaultVars\
\GLB\RDR\JMS\defaultVars.substvar.
2016-05-11 14:21:27.350 WARN  c.bbva.mmap.common.utils.FileSeeker - No ha sido posible obtener la conexion a EMS para D:\Workspace\TIBCO\DEV\GMA\datafiles\GMA_KYRS_RDR_BW-PUB_root\defaultVars\
\GLB\RDR\JMS\ACK\defaultVars.substvar.
2016-05-11 14:21:27.376 WARN  c.bbva.mmap.common.utils.FileSeeker - No ha sido posible obtener la conexion a EMS para D:\Workspace\TIBCO\DEV\GMA\datafiles\GMA_KYRS_RDR_BW-PUB_root\defaultVars\
\GLB\RDR\JMS\ACK\defaultVars.substvar.
2016-05-11 14:21:27.403 WARN  c.bbva.mmap.common.utils.FileSeeker - No ha sido posible obtener la conexion a EMS para D:\Workspace\TIBCO\DEV\GMA\datafiles\GMA_KYRS_RDR_BW-PUB_root\defaultVars\
\GLB\RDR\JMS\ACK\defaultVars.substvar.
2016-05-11 14:21:27.429 WARN  c.bbva.mmap.common.utils.FileSeeker - No ha sido posible obtener la conexion a EMS para D:\Workspace\TIBCO\DEV\GMA\datafiles\GMA_KYRS_RDR_BW-PUB_root\defaultVars\
\GLB\RDR\JMS\ACK\defaultVars.substvar.
2016-05-11 14:21:29.169 WARN  c.bbva.mmap.common.utils.FileSeeker - No ha sido posible obtener la conexion a EMS para D:\Workspace\TIBCO\DEV\GMA\datafiles\GMA_KYRS_RDR_BW_PUBLISH_root\defaultVars\
\GLB\RDR\JMS\ACK\defaultVars.substvar.
2016-05-11 14:21:29.197 WARN  c.bbva.mmap.common.utils.FileSeeker - No ha sido posible obtener la conexion a EMS para D:\Workspace\TIBCO\DEV\GMA\datafiles\GMA_KYRS_RDR_BW_PUBLISH_root\defaultVars\
\GLB\RDR\JMS\defaultVars.substvar.
2016-05-11 14:21:29.222 WARN  c.bbva.mmap.common.utils.FileSeeker - No ha sido posible obtener la conexion a EMS para D:\Workspace\TIBCO\DEV\GMA\datafiles\GMA_KYRS_RDR_BW_PUBLISH_root\defaultVars\
\GLB\RDR\JMS\ACK\defaultVars.substvar.
2016-05-11 14:21:29.248 WARN  c.bbva.mmap.common.utils.FileSeeker - No ha sido posible obtener la conexion a EMS para D:\Workspace\TIBCO\DEV\GMA\datafiles\GMA_KYRS_RDR_BW_PUBLISH_root\defaultVars\
\GLB\RDR\JMS\defaultVars.substvar.
2016-05-11 14:21:29.274 WARN  c.bbva.mmap.common.utils.FileSeeker - No ha sido posible obtener la conexion a EMS para D:\Workspace\TIBCO\DEV\GMA\datafiles\GMA_KYRS_RDR_BW_PUBLISH_root\defaultVars\
\GLB\RDR\JMS\ACK\defaultVars.substvar.
2016-05-11 14:21:29.300 WARN  c.bbva.mmap.common.utils.FileSeeker - No ha sido posible obtener la conexion a EMS para D:\Workspace\TIBCO\DEV\GMA\datafiles\GMA_KYRS_RDR_BW_PUBLISH_root\defaultVars\
\GLB\RDR\JMS\defaultVars.substvar.
2016-05-11 14:21:29.326 WARN  c.bbva.mmap.common.utils.FileSeeker - No ha sido posible obtener la conexion a EMS para D:\Workspace\TIBCO\DEV\GMA\datafiles\GMA_KYRS_RDR_BW_PUBLISH_root\defaultVars\
\GLB\RDR\JMS\ACK\defaultVars.substvar.
2016-05-11 14:21:29.351 WARN  c.bbva.mmap.common.utils.FileSeeker - No ha sido posible obtener la conexion a EMS para D:\Workspace\TIBCO\DEV\GMA\datafiles\GMA_KYRS_RDR_BW_PUBLISH_root\defaultVars\
\GLB\RDR\JMS\defaultVars.substvar.
2016-05-11 14:21:29.379 WARN  c.bbva.mmap.common.utils.FileSeeker - No ha sido posible obtener la conexion a EMS para D:\Workspace\TIBCO\DEV\GMA\datafiles\GMA_KYRS_RDR_BW_PUBLISH_root\defaultVars\
\GLB\RDR\JMS\defaultVars.substvar.
2016-05-11 14:21:29.407 WARN  c.bbva.mmap.common.utils.FileSeeker - No ha sido posible obtener la conexion a EMS para D:\Workspace\TIBCO\DEV\GMA\datafiles\GMA_KYRS_RDR_BW_PUBLISH_root\defaultVars\
\GLB\RDR\JMS\defaultVars.substvar.
2016-05-11 14:21:29.433 WARN  c.bbva.mmap.common.utils.FileSeeker - No ha sido posible obtener la conexion a EMS para D:\Workspace\TIBCO\DEV\GMA\datafiles\GMA_KYRS_RDR_BW_PUBLISH_root\defaultVars\
\GLB\RDR\JMS\ACK\defaultVars.substvar.
2016-05-11 14:21:29.458 WARN  c.bbva.mmap.common.utils.FileSeeker - No ha sido posible obtener la conexion a EMS para D:\Workspace\TIBCO\DEV\GMA\datafiles\GMA_KYRS_RDR_BW_PUBLISH_root\defaultVars\
\GLB\RDR\JMS\ACK\defaultVars.substvar.
2016-05-11 14:21:29.484 WARN  c.bbva.mmap.common.utils.FileSeeker - No ha sido posible obtener la conexion a EMS para D:\Workspace\TIBCO\DEV\GMA\datafiles\GMA_KYRS_RDR_BW_PUBLISH_root\defaultVars\
\GLB\RDR\JMS\ACK\defaultVars.substvar.
2016-05-11 14:21:29.509 WARN  c.bbva.mmap.common.utils.FileSeeker - No ha sido posible obtener la conexion a EMS para D:\Workspace\TIBCO\DEV\GMA\datafiles\GMA_KYRS_RDR_BW_PUBLISH_root\defaultVars\
\GLB\RDR\JMS\ACK\defaultVars.substvar.
2016-05-11 14:21:31.301 WARN  c.b.m.j.t.p.TibcoOutputProcessor - %%CFG/EJQP/BackendMidas/QueueMIDAS%%
2016-05-11 14:21:31.463 WARN  c.b.m.j.t.p.TibcoOutputProcessor - %%CFG/EJQP/BackendMidas/QueueMIDAS%%
2016-05-11 14:21:31.715 WARN  c.b.m.j.t.p.TibcoOutputProcessor - %%CFG/EJQP/BackendMidas/QueueMIDAS%%
2016-05-11 14:21:31.955 WARN  c.b.m.j.t.p.TibcoOutputProcessor - %%CFG/EJQP/BackendMidas/QueueMIDAS%%
2016-05-11 14:21:32.826 WARN  c.b.m.j.t.p.TibcoOutputProcessor - %%CFG/EJQP/BackendMidas/QueueMIDAS%%
2016-05-11 14:21:33.081 WARN  c.b.m.j.t.p.TibcoOutputProcessor - %%CFG/EJQP/BackendMidas/QueueMIDAS%%
2016-05-11 14:21:33.255 WARN  c.b.m.j.t.p.TibcoOutputProcessor - %%CFG/EJQP/BackendMidas/QueueMIDAS%%
2016-05-11 14:21:33.507 WARN  c.b.m.j.t.p.TibcoOutputProcessor - %%CFG/EJQP/BackendMidas/QueueMIDAS%%
2016-05-11 14:21:40.806 WARN  c.bbva.mmap.common.utils.FileSeeker - No ha sido posible obtener la conexion a EMS para D:\Workspace\TIBCO\DEV\GMA\datafiles\S_KYFD_FUNC_MONITORING_PUBLICATION_root\defaultVars\$_globalVariables\GlobalVariables\CFG\KYFD\QUEUES\defaultVars.substvar.
2016-05-11 14:21:40.831 WARN  c.bbva.mmap.common.utils.FileSeeker - No ha sido posible obtener la conexion a EMS para D:\Workspace\TIBCO\DEV\GMA\datafiles\S_KYFD_FUNC_MONITORING_PUBLICATION_root\defaultVars\$_globalVariables\GlobalVariables\CFG\KYFD\QUEUES\defaultVars.substvar.
2016-05-11 14:21:40.854 WARN  c.bbva.mmap.common.utils.FileSeeker - No ha sido posible obtener la conexion a EMS para D:\Workspace\TIBCO\DEV\GMA\datafiles\S_KYFD_FUNC_MONITORING_PUBLICATION_root\defaultVars\$_globalVariables\GlobalVariables\CFG\KYFD\QUEUES\defaultVars.substvar.
2016-05-11 14:21:43.140 WARN  c.b.m.j.t.p.TibcoOutputProcessor - %%GLB/MGC/DFA_SS_MGC%%
2016-05-11 14:21:43.471 INFO  c.b.m.j.tibco.listener.TibcoListener - Formatting ESBInspector_DESKTOP-UOKULT9.xml...
2016-05-11 14:21:43.699 INFO  c.b.m.j.tibco.listener.TibcoListener - Clearing D:\Workspace\Pool
2016-05-11 14:21:44.286 INFO  c.b.m.j.tibco.listener.TibcoListener - COMPLETED --> ESBInspector_DESKTOP-UOKULT9.xml size is 365 Kb
2016-05-11 14:21:44.290 INFO  o.s.b.c.l.support.SimpleJobLauncher - Job: [FlowJob: [name=tibcoServicesJob]] completed with the following parameters: [{-spring.output.ansi.enabled=always, run.id=1}] and the following status: [COMPLETED]
2016-05-11 14:21:44.295 INFO  com.bbva.mmap.Launcher - Started Launcher in 96.671 seconds (JVM running for 97.541)
2016-05-11 14:21:44.297 INFO  o.s.c.a.AnnotationConfigApplicationContext - Closing org.springframework.context.annotation.AnnotationConfigApplicationContext@7140d632: startup date [Wed May 11 14:20:08 CEST 2016]; root of context hierarchy
2016-05-11 14:21:44.303 INFO  o.s.j.e.a.AnnotationMBeanExporter - Unregistering JMX-exposed beans on shutdown
2016-05-11 14:21:44.306 INFO  o.s.o.j.LocalContainerEntityManagerFactoryBean - Closing JPA EntityManagerFactory for persistence unit 'default'
2016-05-11 14:21:44.307 INFO  o.h.tool.hbm2ddl.SchemaExport - HHH000227: Running hbm2ddl schema export
2016-05-11 14:21:44.309 INFO  o.h.tool.hbm2ddl.SchemaExport - HHH000230: Schema export complete
2016-05-11 15:42:33.986 INFO  com.bbva.mmap.Launcher - Starting Launcher on DESKTOP-UOKULT9 with PID 4116 (D:\Workspace\Java\ESBInspectorLab\target\classes started by jorge in D:\Workspace\Java\ESBInspectorLab)
2016-05-11 15:42:34.002 INFO  com.bbva.mmap.Launcher - No active profile set, falling back to default profiles: default
2016-05-11 15:42:34.115 INFO  o.s.c.a.AnnotationConfigApplicationContext - Refreshing org.springframework.context.annotation.AnnotationConfigApplicationContext@7957a65f: startup date [Wed May 11 15:42:34 CEST 2016]; root of context hierarchy
2016-05-11 15:42:35.868 WARN  o.s.c.a.ConfigurationClassEnhancer - @Bean method ScopeConfiguration.stepScope is non-static and returns an object assignable to Spring's BeanFactoryPostProcessor interface. This will result in a failure to process annotations such as @Autowired, @Resource and @PostConstruct within the method's declaring @Configuration class. Add the 'static' modifier to this method to avoid these container lifecycle issues; see @Bean javadoc for complete details.
2016-05-11 15:42:35.891 WARN  o.s.c.a.ConfigurationClassEnhancer - @Bean method ScopeConfiguration.jobScope is non-static and returns an object assignable to Spring's BeanFactoryPostProcessor interface. This will result in a failure to process annotations such as @Autowired, @Resource and @PostConstruct within the method's declaring @Configuration class. Add the 'static' modifier to this method to avoid these container lifecycle issues; see @Bean javadoc for complete details.
2016-05-11 15:42:36.714 INFO  o.s.o.j.LocalContainerEntityManagerFactoryBean - Building JPA container EntityManagerFactory for persistence unit 'default'
2016-05-11 15:42:36.744 INFO  o.h.jpa.internal.util.LogHelper - HHH000204: Processing PersistenceUnitInfo [
	name: default
	...]
2016-05-11 15:42:36.830 INFO  org.hibernate.Version - HHH000412: Hibernate Core {4.3.11.Final}
2016-05-11 15:42:36.831 INFO  org.hibernate.cfg.Environment - HHH000206: hibernate.properties not found
2016-05-11 15:42:36.834 INFO  org.hibernate.cfg.Environment - HHH000021: Bytecode provider name : javassist
2016-05-11 15:42:37.075 INFO  o.h.annotations.common.Version - HCANN000001: Hibernate Commons Annotations {4.0.5.Final}
2016-05-11 15:42:37.138 INFO  org.hibernate.dialect.Dialect - HHH000400: Using dialect: org.hibernate.dialect.HSQLDialect
2016-05-11 15:42:37.197 INFO  o.h.h.i.a.ASTQueryTranslatorFactory - HHH000397: Using ASTQueryTranslatorFactory
2016-05-11 15:42:37.521 INFO  o.h.tool.hbm2ddl.SchemaExport - HHH000227: Running hbm2ddl schema export
2016-05-11 15:42:37.523 INFO  o.h.tool.hbm2ddl.SchemaExport - HHH000230: Schema export complete
2016-05-11 15:42:37.868 INFO  o.s.oxm.jaxb.Jaxb2Marshaller - Creating JAXBContext with classes to be bound [class com.bbva.mmap.jobs.tibco.model.input.ProcessDefinitionModel]
2016-05-11 15:42:38.129 INFO  o.s.oxm.jaxb.Jaxb2Marshaller - Creating JAXBContext with classes to be bound [class com.bbva.mmap.jobs.tibco.model.output.TibcoOutput]
2016-05-11 15:42:38.479 WARN  o.s.b.a.batch.BasicBatchConfigurer - JPA does not support custom isolation levels, so locks may not be taken when launching Jobs
2016-05-11 15:42:38.483 INFO  o.s.b.c.r.s.JobRepositoryFactoryBean - No database type set, using meta data indicating: HSQL
2016-05-11 15:42:38.606 INFO  o.s.b.c.l.support.SimpleJobLauncher - No TaskExecutor has been set, defaulting to synchronous executor.
2016-05-11 15:42:38.641 INFO  o.s.jdbc.datasource.init.ScriptUtils - Executing SQL script from class path resource [org/springframework/batch/core/schema-hsqldb.sql]
2016-05-11 15:42:38.653 INFO  o.s.jdbc.datasource.init.ScriptUtils - Executed SQL script from class path resource [org/springframework/batch/core/schema-hsqldb.sql] in 12 ms.
2016-05-11 15:42:38.940 INFO  o.s.j.e.a.AnnotationMBeanExporter - Registering beans for JMX exposure on startup
2016-05-11 15:42:38.994 INFO  o.s.b.a.b.JobLauncherCommandLineRunner - Running default command line with: [--spring.output.ansi.enabled=always]
2016-05-11 15:42:39.130 INFO  o.s.b.c.l.support.SimpleJobLauncher - Job: [FlowJob: [name=tibcoServicesJob]] launched with the following parameters: [{-spring.output.ansi.enabled=always, run.id=1}]
2016-05-11 15:42:39.140 INFO  c.b.m.j.tibco.listener.TibcoListener - Copying files to D:\Workspace\Pool\...
2016-05-11 15:42:56.941 INFO  c.b.m.j.tibco.listener.TibcoListener - Completed.
2016-05-11 15:42:56.941 INFO  c.b.m.j.tibco.listener.TibcoListener - Modifying .process files...
2016-05-11 15:43:09.170 INFO  c.b.m.j.tibco.listener.TibcoListener - Completed.
2016-05-11 15:43:09.186 INFO  o.s.batch.core.job.SimpleStepHandler - Executing step: [step]
2016-05-11 15:43:30.798 WARN  c.bbva.mmap.common.utils.FileSeeker - No ha sido posible obtener la conexion a EMS para D:\Workspace\TIBCO\DEV\GMA\datafiles\GMA_EFON_BW_IA_FONETIC_root\defaultVars\$ARC_FindQueue\defaultVars.substvar.
2016-05-11 15:43:35.676 WARN  c.bbva.mmap.common.utils.FileSeeker - No ha sido posible obtener la conexion a EMS para D:\Workspace\TIBCO\DEV\GMA\datafiles\GMA_KLTB_CALYPSO_CR_BW_OPERACIONES_root\defaultVars\GLB\CALYPSO_CR\JMS\defaultVars.substvar.
2016-05-11 15:43:35.678 WARN  c.b.m.j.t.p.TibcoOutputProcessor - %%GLB/CALYPSO_CR/JMS/CIB_Prefix%.%%CFG/ARCHITECTURE/ENVIRONMENT/CFG_ENVIRONMENT_PREFIX%%.%%GLB/CALYPSO_CR/JMS/CR_PREDEAL_ACK%%
2016-05-11 15:43:35.800 WARN  c.bbva.mmap.common.utils.FileSeeker - No ha sido posible obtener la conexion a EMS para D:\Workspace\TIBCO\DEV\GMA\datafiles\GMA_KLTB_CALYPSO_CR_BW_OPERACIONES_root\defaultVars\GLB\CALYPSO_CR\JMS\defaultVars.substvar.
2016-05-11 15:43:35.802 WARN  c.b.m.j.t.p.TibcoOutputProcessor - %%GLB/CALYPSO_CR/JMS/CIB_Prefix%.%%CFG/ARCHITECTURE/ENVIRONMENT/CFG_ENVIRONMENT_PREFIX%%.%%GLB/CALYPSO_CR/JMS/CR_PREDEAL_ACK%%
2016-05-11 15:43:44.578 WARN  c.bbva.mmap.common.utils.FileSeeker - No ha sido posible obtener la conexion a EMS para D:\Workspace\TIBCO\DEV\GMA\datafiles\GMA_KYFK_CALYPSO_BW_LIQUIDACIONES_root\defaultVars\
\GLB\CALYPSO\JMS\defaultVars.substvar.
2016-05-11 15:43:44.702 WARN  c.bbva.mmap.common.utils.FileSeeker - No ha sido posible obtener la conexion a EMS para D:\Workspace\TIBCO\DEV\GMA\datafiles\GMA_KYFK_CALYPSO_BW_LIQUIDACIONES_root\defaultVars\
\GLB\CALYPSO\JMS\defaultVars.substvar.
2016-05-11 15:43:44.967 WARN  c.bbva.mmap.common.utils.FileSeeker - No ha sido posible obtener la conexion a EMS para D:\Workspace\TIBCO\DEV\GMA\datafiles\GMA_KYFK_CALYPSO_BW_LIQUIDACIONES_root\defaultVars\
\GLB\CALYPSO\JMS\defaultVars.substvar.
2016-05-11 15:43:44.999 WARN  c.bbva.mmap.common.utils.FileSeeker - No ha sido posible obtener la conexion a EMS para D:\Workspace\TIBCO\DEV\GMA\datafiles\GMA_KYFK_CALYPSO_BW_LIQUIDACIONES_root\defaultVars\
\GLB\CALYPSO\JMS\defaultVars.substvar.
2016-05-11 15:43:48.085 WARN  c.b.m.j.t.p.TibcoOutputProcessor - %%GLB/AMIGA/JMS/env_Backend_Queue_IN%%
2016-05-11 15:43:53.543 WARN  c.bbva.mmap.common.utils.FileSeeker - No ha sido posible obtener la conexion a EMS para D:\Workspace\TIBCO\DEV\GMA\datafiles\GMA_KYRS_RDR_BW-PUB_root\defaultVars\
\GLB\RDR\JMS\ACK\defaultVars.substvar.
2016-05-11 15:43:53.571 WARN  c.bbva.mmap.common.utils.FileSeeker - No ha sido posible obtener la conexion a EMS para D:\Workspace\TIBCO\DEV\GMA\datafiles\GMA_KYRS_RDR_BW-PUB_root\defaultVars\
\GLB\RDR\JMS\defaultVars.substvar.
2016-05-11 15:43:53.598 WARN  c.bbva.mmap.common.utils.FileSeeker - No ha sido posible obtener la conexion a EMS para D:\Workspace\TIBCO\DEV\GMA\datafiles\GMA_KYRS_RDR_BW-PUB_root\defaultVars\
\GLB\RDR\JMS\ACK\defaultVars.substvar.
2016-05-11 15:43:53.627 WARN  c.bbva.mmap.common.utils.FileSeeker - No ha sido posible obtener la conexion a EMS para D:\Workspace\TIBCO\DEV\GMA\datafiles\GMA_KYRS_RDR_BW-PUB_root\defaultVars\
\GLB\RDR\JMS\defaultVars.substvar.
2016-05-11 15:43:53.655 WARN  c.bbva.mmap.common.utils.FileSeeker - No ha sido posible obtener la conexion a EMS para D:\Workspace\TIBCO\DEV\GMA\datafiles\GMA_KYRS_RDR_BW-PUB_root\defaultVars\
\GLB\RDR\JMS\ACK\defaultVars.substvar.
2016-05-11 15:43:53.682 WARN  c.bbva.mmap.common.utils.FileSeeker - No ha sido posible obtener la conexion a EMS para D:\Workspace\TIBCO\DEV\GMA\datafiles\GMA_KYRS_RDR_BW-PUB_root\defaultVars\
\GLB\RDR\JMS\defaultVars.substvar.
2016-05-11 15:43:53.711 WARN  c.bbva.mmap.common.utils.FileSeeker - No ha sido posible obtener la conexion a EMS para D:\Workspace\TIBCO\DEV\GMA\datafiles\GMA_KYRS_RDR_BW-PUB_root\defaultVars\
\GLB\RDR\JMS\ACK\defaultVars.substvar.
2016-05-11 15:43:53.739 WARN  c.bbva.mmap.common.utils.FileSeeker - No ha sido posible obtener la conexion a EMS para D:\Workspace\TIBCO\DEV\GMA\datafiles\GMA_KYRS_RDR_BW-PUB_root\defaultVars\
\GLB\RDR\JMS\defaultVars.substvar.
2016-05-11 15:43:53.770 WARN  c.bbva.mmap.common.utils.FileSeeker - No ha sido posible obtener la conexion a EMS para D:\Workspace\TIBCO\DEV\GMA\datafiles\GMA_KYRS_RDR_BW-PUB_root\defaultVars\
\GLB\RDR\JMS\defaultVars.substvar.
2016-05-11 15:43:53.808 WARN  c.bbva.mmap.common.utils.FileSeeker - No ha sido posible obtener la conexion a EMS para D:\Workspace\TIBCO\DEV\GMA\datafiles\GMA_KYRS_RDR_BW-PUB_root\defaultVars\
\GLB\RDR\JMS\defaultVars.substvar.
2016-05-11 15:43:53.844 WARN  c.bbva.mmap.common.utils.FileSeeker - No ha sido posible obtener la conexion a EMS para D:\Workspace\TIBCO\DEV\GMA\datafiles\GMA_KYRS_RDR_BW-PUB_root\defaultVars\
\GLB\RDR\JMS\ACK\defaultVars.substvar.
2016-05-11 15:43:53.876 WARN  c.bbva.mmap.common.utils.FileSeeker - No ha sido posible obtener la conexion a EMS para D:\Workspace\TIBCO\DEV\GMA\datafiles\GMA_KYRS_RDR_BW-PUB_root\defaultVars\
\GLB\RDR\JMS\ACK\defaultVars.substvar.
2016-05-11 15:43:53.906 WARN  c.bbva.mmap.common.utils.FileSeeker - No ha sido posible obtener la conexion a EMS para D:\Workspace\TIBCO\DEV\GMA\datafiles\GMA_KYRS_RDR_BW-PUB_root\defaultVars\
\GLB\RDR\JMS\ACK\defaultVars.substvar.
2016-05-11 15:43:53.936 WARN  c.bbva.mmap.common.utils.FileSeeker - No ha sido posible obtener la conexion a EMS para D:\Workspace\TIBCO\DEV\GMA\datafiles\GMA_KYRS_RDR_BW-PUB_root\defaultVars\
\GLB\RDR\JMS\ACK\defaultVars.substvar.
2016-05-11 15:43:55.443 WARN  c.bbva.mmap.common.utils.FileSeeker - No ha sido posible obtener la conexion a EMS para D:\Workspace\TIBCO\DEV\GMA\datafiles\GMA_KYRS_RDR_BW_PUBLISH_root\defaultVars\
\GLB\RDR\JMS\ACK\defaultVars.substvar.
2016-05-11 15:43:55.472 WARN  c.bbva.mmap.common.utils.FileSeeker - No ha sido posible obtener la conexion a EMS para D:\Workspace\TIBCO\DEV\GMA\datafiles\GMA_KYRS_RDR_BW_PUBLISH_root\defaultVars\
\GLB\RDR\JMS\defaultVars.substvar.
2016-05-11 15:43:55.500 WARN  c.bbva.mmap.common.utils.FileSeeker - No ha sido posible obtener la conexion a EMS para D:\Workspace\TIBCO\DEV\GMA\datafiles\GMA_KYRS_RDR_BW_PUBLISH_root\defaultVars\
\GLB\RDR\JMS\ACK\defaultVars.substvar.
2016-05-11 15:43:55.528 WARN  c.bbva.mmap.common.utils.FileSeeker - No ha sido posible obtener la conexion a EMS para D:\Workspace\TIBCO\DEV\GMA\datafiles\GMA_KYRS_RDR_BW_PUBLISH_root\defaultVars\
\GLB\RDR\JMS\defaultVars.substvar.
2016-05-11 15:43:55.556 WARN  c.bbva.mmap.common.utils.FileSeeker - No ha sido posible obtener la conexion a EMS para D:\Workspace\TIBCO\DEV\GMA\datafiles\GMA_KYRS_RDR_BW_PUBLISH_root\defaultVars\
\GLB\RDR\JMS\ACK\defaultVars.substvar.
2016-05-11 15:43:55.586 WARN  c.bbva.mmap.common.utils.FileSeeker - No ha sido posible obtener la conexion a EMS para D:\Workspace\TIBCO\DEV\GMA\datafiles\GMA_KYRS_RDR_BW_PUBLISH_root\defaultVars\
\GLB\RDR\JMS\defaultVars.substvar.
2016-05-11 15:43:55.613 WARN  c.bbva.mmap.common.utils.FileSeeker - No ha sido posible obtener la conexion a EMS para D:\Workspace\TIBCO\DEV\GMA\datafiles\GMA_KYRS_RDR_BW_PUBLISH_root\defaultVars\
\GLB\RDR\JMS\ACK\defaultVars.substvar.
2016-05-11 15:43:55.641 WARN  c.bbva.mmap.common.utils.FileSeeker - No ha sido posible obtener la conexion a EMS para D:\Workspace\TIBCO\DEV\GMA\datafiles\GMA_KYRS_RDR_BW_PUBLISH_root\defaultVars\
\GLB\RDR\JMS\defaultVars.substvar.
2016-05-11 15:43:55.678 WARN  c.bbva.mmap.common.utils.FileSeeker - No ha sido posible obtener la conexion a EMS para D:\Workspace\TIBCO\DEV\GMA\datafiles\GMA_KYRS_RDR_BW_PUBLISH_root\defaultVars\
\GLB\RDR\JMS\defaultVars.substvar.
2016-05-11 15:43:55.714 WARN  c.bbva.mmap.common.utils.FileSeeker - No ha sido posible obtener la conexion a EMS para D:\Workspace\TIBCO\DEV\GMA\datafiles\GMA_KYRS_RDR_BW_PUBLISH_root\defaultVars\
\GLB\RDR\JMS\defaultVars.substvar.
2016-05-11 15:43:55.746 WARN  c.bbva.mmap.common.utils.FileSeeker - No ha sido posible obtener la conexion a EMS para D:\Workspace\TIBCO\DEV\GMA\datafiles\GMA_KYRS_RDR_BW_PUBLISH_root\defaultVars\
\GLB\RDR\JMS\ACK\defaultVars.substvar.
2016-05-11 15:43:55.781 WARN  c.bbva.mmap.common.utils.FileSeeker - No ha sido posible obtener la conexion a EMS para D:\Workspace\TIBCO\DEV\GMA\datafiles\GMA_KYRS_RDR_BW_PUBLISH_root\defaultVars\
\GLB\RDR\JMS\ACK\defaultVars.substvar.
2016-05-11 15:43:55.811 WARN  c.bbva.mmap.common.utils.FileSeeker - No ha sido posible obtener la conexion a EMS para D:\Workspace\TIBCO\DEV\GMA\datafiles\GMA_KYRS_RDR_BW_PUBLISH_root\defaultVars\
\GLB\RDR\JMS\ACK\defaultVars.substvar.
2016-05-11 15:43:55.838 WARN  c.bbva.mmap.common.utils.FileSeeker - No ha sido posible obtener la conexion a EMS para D:\Workspace\TIBCO\DEV\GMA\datafiles\GMA_KYRS_RDR_BW_PUBLISH_root\defaultVars\
\GLB\RDR\JMS\ACK\defaultVars.substvar.
2016-05-11 15:43:57.797 WARN  c.b.m.j.t.p.TibcoOutputProcessor - %%CFG/EJQP/BackendMidas/QueueMIDAS%%
2016-05-11 15:43:57.972 WARN  c.b.m.j.t.p.TibcoOutputProcessor - %%CFG/EJQP/BackendMidas/QueueMIDAS%%
2016-05-11 15:43:58.288 WARN  c.b.m.j.t.p.TibcoOutputProcessor - %%CFG/EJQP/BackendMidas/QueueMIDAS%%
2016-05-11 15:43:58.457 WARN  c.b.m.j.t.p.TibcoOutputProcessor - %%CFG/EJQP/BackendMidas/QueueMIDAS%%
2016-05-11 15:43:59.260 WARN  c.b.m.j.t.p.TibcoOutputProcessor - %%CFG/EJQP/BackendMidas/QueueMIDAS%%
2016-05-11 15:43:59.431 WARN  c.b.m.j.t.p.TibcoOutputProcessor - %%CFG/EJQP/BackendMidas/QueueMIDAS%%
2016-05-11 15:43:59.608 WARN  c.b.m.j.t.p.TibcoOutputProcessor - %%CFG/EJQP/BackendMidas/QueueMIDAS%%
2016-05-11 15:43:59.878 WARN  c.b.m.j.t.p.TibcoOutputProcessor - %%CFG/EJQP/BackendMidas/QueueMIDAS%%
2016-05-11 15:44:07.429 WARN  c.bbva.mmap.common.utils.FileSeeker - No ha sido posible obtener la conexion a EMS para D:\Workspace\TIBCO\DEV\GMA\datafiles\S_KYFD_FUNC_MONITORING_PUBLICATION_root\defaultVars\$_globalVariables\GlobalVariables\CFG\KYFD\QUEUES\defaultVars.substvar.
2016-05-11 15:44:07.458 WARN  c.bbva.mmap.common.utils.FileSeeker - No ha sido posible obtener la conexion a EMS para D:\Workspace\TIBCO\DEV\GMA\datafiles\S_KYFD_FUNC_MONITORING_PUBLICATION_root\defaultVars\$_globalVariables\GlobalVariables\CFG\KYFD\QUEUES\defaultVars.substvar.
2016-05-11 15:44:07.486 WARN  c.bbva.mmap.common.utils.FileSeeker - No ha sido posible obtener la conexion a EMS para D:\Workspace\TIBCO\DEV\GMA\datafiles\S_KYFD_FUNC_MONITORING_PUBLICATION_root\defaultVars\$_globalVariables\GlobalVariables\CFG\KYFD\QUEUES\defaultVars.substvar.
2016-05-11 15:44:09.975 WARN  c.b.m.j.t.p.TibcoOutputProcessor - %%GLB/MGC/DFA_SS_MGC%%
2016-05-11 15:44:10.464 INFO  c.b.m.j.tibco.listener.TibcoListener - Formatting ESBInspector_DESKTOP-UOKULT9.xml...
2016-05-11 15:44:10.609 INFO  c.b.m.j.tibco.listener.TibcoListener - Clearing D:\Workspace\Pool
2016-05-11 15:44:11.299 INFO  c.b.m.j.tibco.listener.TibcoListener - COMPLETED --> ESBInspector_DESKTOP-UOKULT9.xml size is 365 Kb
2016-05-11 15:44:11.302 INFO  o.s.b.c.l.support.SimpleJobLauncher - Job: [FlowJob: [name=tibcoServicesJob]] completed with the following parameters: [{-spring.output.ansi.enabled=always, run.id=1}] and the following status: [COMPLETED]
2016-05-11 15:44:11.307 INFO  com.bbva.mmap.Launcher - Started Launcher in 97.92 seconds (JVM running for 98.799)
2016-05-11 15:44:11.328 INFO  o.s.c.a.AnnotationConfigApplicationContext - Closing org.springframework.context.annotation.AnnotationConfigApplicationContext@7957a65f: startup date [Wed May 11 15:42:34 CEST 2016]; root of context hierarchy
2016-05-11 15:44:11.342 INFO  o.s.j.e.a.AnnotationMBeanExporter - Unregistering JMX-exposed beans on shutdown
2016-05-11 15:44:11.351 INFO  o.s.o.j.LocalContainerEntityManagerFactoryBean - Closing JPA EntityManagerFactory for persistence unit 'default'
2016-05-11 15:44:11.351 INFO  o.h.tool.hbm2ddl.SchemaExport - HHH000227: Running hbm2ddl schema export
2016-05-11 15:44:11.352 INFO  o.h.tool.hbm2ddl.SchemaExport - HHH000230: Schema export complete
